Release 13.4 - xst O.87xd (nt64)
Copyright (c) 1995-2011 Xilinx, Inc.  All rights reserved.
--> Parameter TMPDIR set to xst/projnav.tmp


Total REAL time to Xst completion: 0.00 secs
Total CPU time to Xst completion: 0.13 secs
 
--> Parameter xsthdpdir set to xst


Total REAL time to Xst completion: 0.00 secs
Total CPU time to Xst completion: 0.13 secs
 
--> Reading design: Lab2TopModule.prj

TABLE OF CONTENTS
  1) Synthesis Options Summary
  2) HDL Compilation
  3) Design Hierarchy Analysis
  4) HDL Analysis
  5) HDL Synthesis
     5.1) HDL Synthesis Report
  6) Advanced HDL Synthesis
     6.1) Advanced HDL Synthesis Report
  7) Low Level Synthesis
  8) Partition Report
  9) Final Report
	9.1) Device utilization summary
	9.2) Partition Resource Summary
	9.3) TIMING REPORT


=========================================================================
*                      Synthesis Options Summary                        *
=========================================================================
---- Source Parameters
Input File Name                    : "Lab2TopModule.prj"
Input Format                       : mixed
Ignore Synthesis Constraint File   : NO

---- Target Parameters
Output File Name                   : "Lab2TopModule"
Output Format                      : NGC
Target Device                      : xc3s100e-5-cp132

---- Source Options
Top Module Name                    : Lab2TopModule
Automatic FSM Extraction           : YES
FSM Encoding Algorithm             : Auto
Safe Implementation                : No
FSM Style                          : LUT
RAM Extraction                     : Yes
RAM Style                          : Auto
ROM Extraction                     : Yes
Mux Style                          : Auto
Decoder Extraction                 : YES
Priority Encoder Extraction        : Yes
Shift Register Extraction          : YES
Logical Shifter Extraction         : YES
XOR Collapsing                     : YES
ROM Style                          : Auto
Mux Extraction                     : Yes
Resource Sharing                   : YES
Asynchronous To Synchronous        : NO
Multiplier Style                   : Auto
Automatic Register Balancing       : No

---- Target Options
Add IO Buffers                     : YES
Global Maximum Fanout              : 100000
Add Generic Clock Buffer(BUFG)     : 24
Register Duplication               : YES
Slice Packing                      : YES
Optimize Instantiated Primitives   : NO
Use Clock Enable                   : Yes
Use Synchronous Set                : Yes
Use Synchronous Reset              : Yes
Pack IO Registers into IOBs        : Auto
Equivalent register Removal        : YES

---- General Options
Optimization Goal                  : Speed
Optimization Effort                : 1
Keep Hierarchy                     : No
Netlist Hierarchy                  : As_Optimized
RTL Output                         : Yes
Global Optimization                : AllClockNets
Read Cores                         : YES
Write Timing Constraints           : NO
Cross Clock Analysis               : NO
Hierarchy Separator                : /
Bus Delimiter                      : <>
Case Specifier                     : Maintain
Slice Utilization Ratio            : 100
BRAM Utilization Ratio             : 100
Verilog 2001                       : YES
Auto BRAM Packing                  : NO
Slice Utilization Ratio Delta      : 5

=========================================================================


=========================================================================
*                          HDL Compilation                              *
=========================================================================
Compiling vhdl file "D:/Dropbox/ece/Spring_2017/Advanced Digital Design/Lab/Lab2/lab2circuit2/OrGate.vhd" in Library work.
Entity <OrGate> compiled.
Entity <OrGate> (Architecture <Behavioral>) compiled.
Compiling vhdl file "D:/Dropbox/ece/Spring_2017/Advanced Digital Design/Lab/Lab2/lab2circuit2/NorGate.vhd" in Library work.
Entity <NorGate> compiled.
Entity <NorGate> (Architecture <Behavioral>) compiled.
Compiling vhdl file "D:/Dropbox/ece/Spring_2017/Advanced Digital Design/Lab/Lab2/lab2circuit2/AndGate.vhd" in Library work.
Entity <AndGate> compiled.
Entity <AndGate> (Architecture <Behavioral>) compiled.
Compiling vhdl file "D:/Dropbox/ece/Spring_2017/Advanced Digital Design/Lab/Lab2/lab2circuit2/Nor3Gate.vhd" in Library work.
Entity <Nor3Gate> compiled.
Entity <Nor3Gate> (Architecture <Structural>) compiled.
Compiling vhdl file "D:/Dropbox/ece/Spring_2017/Advanced Digital Design/Lab/Lab2/lab2circuit2/Or4Gate.vhd" in Library work.
Entity <Or4Gate> compiled.
Entity <Or4Gate> (Architecture <Structural>) compiled.
Compiling vhdl file "D:/Dropbox/ece/Spring_2017/Advanced Digital Design/Lab/Lab2/lab2circuit2/DFlipFlop.vhd" in Library work.
Entity <DFlipFlop> compiled.
Entity <DFlipFlop> (Architecture <Behavioral>) compiled.
Compiling vhdl file "D:/Dropbox/ece/Spring_2017/Advanced Digital Design/Lab/Lab2/lab2circuit2/NotGate.vhd" in Library work.
Entity <NotGate> compiled.
Entity <NotGate> (Architecture <Behavioral>) compiled.
Compiling vhdl file "D:/Dropbox/ece/Spring_2017/Advanced Digital Design/Lab/Lab2/lab2circuit2/OneHotCombLogic.vhd" in Library work.
Entity <OneHotCombLogic> compiled.
Entity <OneHotCombLogic> (Architecture <Structural>) compiled.
Compiling vhdl file "D:/Dropbox/ece/Spring_2017/Advanced Digital Design/Lab/Lab2/lab2circuit2/singlepulsegen.vhd" in Library work.
Entity <singlepulsegen> compiled.
Entity <singlepulsegen> (Architecture <behavioral>) compiled.
Compiling vhdl file "D:/Dropbox/ece/Spring_2017/Advanced Digital Design/Lab/Lab2/lab2circuit2/Lab2FSM.vhd" in Library work.
Entity <Lab2FSM> compiled.
Entity <Lab2FSM> (Architecture <Structural>) compiled.
Compiling vhdl file "D:/Dropbox/ece/Spring_2017/Advanced Digital Design/Lab/Lab2/lab2circuit2/LedCombLogic.vhd" in Library work.
Entity <LedCombLogic> compiled.
Entity <LedCombLogic> (Architecture <Structural>) compiled.
ERROR:HDLParsers - Cannot rename dependency database for library "work", file is "xst/work/hdpdeps.ref", Temporary database file "D:\Dropbox\ece\Spring_2017\Advanced Digital Design\Lab\Lab2\lab2circuit2\xst\work\xil_1552_17" will remain.  System error message is:  File exists
Compiling vhdl file "D:/Dropbox/ece/Spring_2017/Advanced Digital Design/Lab/Lab2/lab2circuit2/Lab2TopModule.vhd" in Library work.
Entity <Lab2TopModule> compiled.
Entity <Lab2TopModule> (Architecture <Structural>) compiled.

=========================================================================
*                     Design Hierarchy Analysis                         *
=========================================================================
Analyzing hierarchy for entity <Lab2TopModule> in library <work> (architecture <Structural>).

Analyzing hierarchy for entity <singlepulsegen> in library <work> (architecture <behavioral>).

Analyzing hierarchy for entity <Lab2FSM> in library <work> (architecture <Structural>).

Analyzing hierarchy for entity <LedCombLogic> in library <work> (architecture <Structural>).

Analyzing hierarchy for entity <DFlipFlop> in library <work> (architecture <Behavioral>).

Analyzing hierarchy for entity <NotGate> in library <work> (architecture <Behavioral>).

Analyzing hierarchy for entity <OneHotCombLogic> in library <work> (architecture <Structural>).

Analyzing hierarchy for entity <OrGate> in library <work> (architecture <Behavioral>).

Analyzing hierarchy for entity <AndGate> in library <work> (architecture <Behavioral>).

Analyzing hierarchy for entity <Nor3Gate> in library <work> (architecture <Structural>).

Analyzing hierarchy for entity <Or4Gate> in library <work> (architecture <Structural>).

Analyzing hierarchy for entity <OrGate> in library <work> (architecture <Behavioral>).

Analyzing hierarchy for entity <NorGate> in library <work> (architecture <Behavioral>).


=========================================================================
*                            HDL Analysis                               *
=========================================================================
Analyzing Entity <Lab2TopModule> in library <work> (Architecture <Structural>).
Entity <Lab2TopModule> analyzed. Unit <Lab2TopModule> generated.

Analyzing Entity <singlepulsegen> in library <work> (Architecture <behavioral>).
Entity <singlepulsegen> analyzed. Unit <singlepulsegen> generated.

Analyzing Entity <Lab2FSM> in library <work> (Architecture <Structural>).
WARNING:Xst:753 - "D:/Dropbox/ece/Spring_2017/Advanced Digital Design/Lab/Lab2/lab2circuit2/Lab2FSM.vhd" line 81: Unconnected output port 'Qbar' of component 'DFlipFlop'.
WARNING:Xst:753 - "D:/Dropbox/ece/Spring_2017/Advanced Digital Design/Lab/Lab2/lab2circuit2/Lab2FSM.vhd" line 81: Unconnected output port 'Qbar' of component 'DFlipFlop'.
WARNING:Xst:753 - "D:/Dropbox/ece/Spring_2017/Advanced Digital Design/Lab/Lab2/lab2circuit2/Lab2FSM.vhd" line 81: Unconnected output port 'Qbar' of component 'DFlipFlop'.
Entity <Lab2FSM> analyzed. Unit <Lab2FSM> generated.

Analyzing Entity <DFlipFlop> in library <work> (Architecture <Behavioral>).
Entity <DFlipFlop> analyzed. Unit <DFlipFlop> generated.

Analyzing Entity <NotGate> in library <work> (Architecture <Behavioral>).
Entity <NotGate> analyzed. Unit <NotGate> generated.

Analyzing Entity <OneHotCombLogic> in library <work> (Architecture <Structural>).
Entity <OneHotCombLogic> analyzed. Unit <OneHotCombLogic> generated.

Analyzing Entity <Nor3Gate> in library <work> (Architecture <Structural>).
Entity <Nor3Gate> analyzed. Unit <Nor3Gate> generated.

Analyzing Entity <NorGate> in library <work> (Architecture <Behavioral>).
Entity <NorGate> analyzed. Unit <NorGate> generated.

Analyzing Entity <Or4Gate> in library <work> (Architecture <Structural>).
Entity <Or4Gate> analyzed. Unit <Or4Gate> generated.

Analyzing Entity <OrGate> in library <work> (Architecture <Behavioral>).
Entity <OrGate> analyzed. Unit <OrGate> generated.

Analyzing Entity <AndGate> in library <work> (Architecture <Behavioral>).
Entity <AndGate> analyzed. Unit <AndGate> generated.

Analyzing Entity <LedCombLogic> in library <work> (Architecture <Structural>).
Entity <LedCombLogic> analyzed. Unit <LedCombLogic> generated.


=========================================================================
*                           HDL Synthesis                               *
=========================================================================

Performing bidirectional port resolution...

Synthesizing Unit <singlepulsegen>.
    Related source file is "D:/Dropbox/ece/Spring_2017/Advanced Digital Design/Lab/Lab2/lab2circuit2/singlepulsegen.vhd".
    Found finite state machine <FSM_0> for signal <currentS>.
    -----------------------------------------------------------------------
    | States             | 3                                              |
    | Transitions        | 5                                              |
    | Inputs             | 1                                              |
    | Outputs            | 1                                              |
    | Clock              | clk                       (rising_edge)        |
    | Reset              | rst                       (positive)           |
    | Reset type         | asynchronous                                   |
    | Reset State        | s0                                             |
    | Power Up State     | s0                                             |
    | Encoding           | automatic                                      |
    | Implementation     | LUT                                            |
    -----------------------------------------------------------------------
    Summary:
	inferred   1 Finite State Machine(s).
Unit <singlepulsegen> synthesized.


Synthesizing Unit <DFlipFlop>.
    Related source file is "D:/Dropbox/ece/Spring_2017/Advanced Digital Design/Lab/Lab2/lab2circuit2/DFlipFlop.vhd".
    Found 1-bit register for signal <Qbar>.
    Found 1-bit register for signal <Q>.
    Summary:
	inferred   2 D-type flip-flop(s).
Unit <DFlipFlop> synthesized.


Synthesizing Unit <NotGate>.
    Related source file is "D:/Dropbox/ece/Spring_2017/Advanced Digital Design/Lab/Lab2/lab2circuit2/NotGate.vhd".
Unit <NotGate> synthesized.


Synthesizing Unit <OrGate>.
    Related source file is "D:/Dropbox/ece/Spring_2017/Advanced Digital Design/Lab/Lab2/lab2circuit2/OrGate.vhd".
Unit <OrGate> synthesized.


Synthesizing Unit <AndGate>.
    Related source file is "D:/Dropbox/ece/Spring_2017/Advanced Digital Design/Lab/Lab2/lab2circuit2/AndGate.vhd".
Unit <AndGate> synthesized.


Synthesizing Unit <NorGate>.
    Related source file is "D:/Dropbox/ece/Spring_2017/Advanced Digital Design/Lab/Lab2/lab2circuit2/NorGate.vhd".
Unit <NorGate> synthesized.


Synthesizing Unit <LedCombLogic>.
    Related source file is "D:/Dropbox/ece/Spring_2017/Advanced Digital Design/Lab/Lab2/lab2circuit2/LedCombLogic.vhd".
Unit <LedCombLogic> synthesized.


Synthesizing Unit <Nor3Gate>.
    Related source file is "D:/Dropbox/ece/Spring_2017/Advanced Digital Design/Lab/Lab2/lab2circuit2/Nor3Gate.vhd".
Unit <Nor3Gate> synthesized.


Synthesizing Unit <Or4Gate>.
    Related source file is "D:/Dropbox/ece/Spring_2017/Advanced Digital Design/Lab/Lab2/lab2circuit2/Or4Gate.vhd".
Unit <Or4Gate> synthesized.


Synthesizing Unit <OneHotCombLogic>.
    Related source file is "D:/Dropbox/ece/Spring_2017/Advanced Digital Design/Lab/Lab2/lab2circuit2/OneHotCombLogic.vhd".
Unit <OneHotCombLogic> synthesized.


Synthesizing Unit <Lab2FSM>.
    Related source file is "D:/Dropbox/ece/Spring_2017/Advanced Digital Design/Lab/Lab2/lab2circuit2/Lab2FSM.vhd".
WARNING:Xst:646 - Signal <InVecBar> is assigned but never used. This unconnected signal will be trimmed during the optimization process.
Unit <Lab2FSM> synthesized.


Synthesizing Unit <Lab2TopModule>.
    Related source file is "D:/Dropbox/ece/Spring_2017/Advanced Digital Design/Lab/Lab2/lab2circuit2/Lab2TopModule.vhd".
Unit <Lab2TopModule> synthesized.


=========================================================================
HDL Synthesis Report

Macro Statistics
# Registers                                            : 6
 1-bit register                                        : 6

=========================================================================

=========================================================================
*                       Advanced HDL Synthesis                          *
=========================================================================

Analyzing FSM <FSM_0> for best encoding.
Optimizing FSM <Loop1[0].PulseGen/currentS/FSM> on signal <currentS[1:3]> with one-hot encoding.
Optimizing FSM <Loop1[1].PulseGen/currentS/FSM> on signal <currentS[1:3]> with one-hot encoding.
Optimizing FSM <Loop1[2].PulseGen/currentS/FSM> on signal <currentS[1:3]> with one-hot encoding.
-------------------
 State | Encoding
-------------------
 s0    | 001
 s1    | 010
 s2    | 100
-------------------
WARNING:Xst:524 - All outputs of the instance <Loop2[0].NotIn> of the block <NotGate> are unconnected in block <Lab2FSM>.
   This instance will be removed from the design along with all underlying logic
WARNING:Xst:524 - All outputs of the instance <Loop2[1].NotIn> of the block <NotGate> are unconnected in block <Lab2FSM>.
   This instance will be removed from the design along with all underlying logic
WARNING:Xst:524 - All outputs of the instance <Loop2[2].NotIn> of the block <NotGate> are unconnected in block <Lab2FSM>.
   This instance will be removed from the design along with all underlying logic

=========================================================================
Advanced HDL Synthesis Report

Macro Statistics
# FSMs                                                 : 1
# Registers                                            : 6
 Flip-Flops                                            : 6

=========================================================================

=========================================================================
*                         Low Level Synthesis                           *
=========================================================================
WARNING:Xst:1989 - Unit <LedCombLogic>: instances <OrU0>, <OrU1> of unit <OrGate> are equivalent, second instance is removed
WARNING:Xst:1989 - Unit <LedCombLogic>: instances <OrU0>, <OrU6> of unit <OrGate> are equivalent, second instance is removed
WARNING:Xst:1989 - Unit <LedCombLogic>: instances <OrU0>, <OrU7> of unit <OrGate> are equivalent, second instance is removed
WARNING:Xst:1989 - Unit <LedCombLogic>: instances <OrU2>, <OrU3> of unit <OrGate> are equivalent, second instance is removed
WARNING:Xst:1989 - Unit <LedCombLogic>: instances <OrU2>, <OrU4> of unit <OrGate> are equivalent, second instance is removed
WARNING:Xst:1989 - Unit <LedCombLogic>: instances <OrU2>, <OrU5> of unit <OrGate> are equivalent, second instance is removed
WARNING:Xst:2677 - Node <Loop1[2].DFlipFlopU/Qbar> of sequential type is unconnected in block <Lab2FSM>.
WARNING:Xst:2677 - Node <Loop1[1].DFlipFlopU/Qbar> of sequential type is unconnected in block <Lab2FSM>.
WARNING:Xst:2677 - Node <Loop1[0].DFlipFlopU/Qbar> of sequential type is unconnected in block <Lab2FSM>.

Optimizing unit <Lab2TopModule> ...

Mapping all equations...
Building and optimizing final netlist ...
Found area constraint ratio of 100 (+ 5) on block Lab2TopModule, actual ratio is 0.

Final Macro Processing ...

=========================================================================
Final Register Report

Macro Statistics
# Registers                                            : 9
 Flip-Flops                                            : 9

=========================================================================

=========================================================================
*                           Partition Report                            *
=========================================================================

Partition Implementation Status
-------------------------------

  No Partitions were found in this design.

-------------------------------

=========================================================================
*                            Final Report                               *
=========================================================================
Final Results
RTL Top Level Output File Name     : Lab2TopModule.ngr
Top Level Output File Name         : Lab2TopModule
Output Format                      : NGC
Optimization Goal                  : Speed
Keep Hierarchy                     : No

Design Statistics
# IOs                              : 13

Cell Usage :
# BELS                             : 16
#      GND                         : 1
#      LUT2                        : 8
#      LUT3                        : 1
#      LUT3_L                      : 1
#      LUT4                        : 5
# FlipFlops/Latches                : 9
#      FDC                         : 3
#      FDP                         : 3
#      FDRS                        : 2
#      FDS                         : 1
# Clock Buffers                    : 1
#      BUFGP                       : 1
# IO Buffers                       : 12
#      IBUF                        : 4
#      OBUF                        : 8
=========================================================================

Device utilization summary:
---------------------------

Selected Device : 3s100ecp132-5 

 Number of Slices:                        8  out of    960     0%  
 Number of Slice Flip Flops:              9  out of   1920     0%  
 Number of 4 input LUTs:                 15  out of   1920     0%  
 Number of IOs:                          13
 Number of bonded IOBs:                  13  out of     83    15%  
 Number of GCLKs:                         1  out of     24     4%  

---------------------------
Partition Resource Summary:
---------------------------

  No Partitions were found in this design.

---------------------------


=========================================================================
TIMING REPORT

NOTE: THESE TIMING NUMBERS ARE ONLY A SYNTHESIS ESTIMATE.
      FOR ACCURATE TIMING INFORMATION PLEASE REFER TO THE TRACE REPORT
      GENERATED AFTER PLACE-and-ROUTE.

Clock Information:
------------------
-----------------------------------+------------------------+-------+
Clock Signal                       | Clock buffer(FF name)  | Load  |
-----------------------------------+------------------------+-------+
Clk                                | BUFGP                  | 9     |
-----------------------------------+------------------------+-------+

Asynchronous Control Signals Information:
----------------------------------------
-----------------------------------+------------------------------------------+-------+
Control Signal                     | Buffer(FF name)                          | Load  |
-----------------------------------+------------------------------------------+-------+
N0(XST_GND:G)                      | NONE(Loop1[0].PulseGen/currentS_FSM_FFd2)| 6     |
-----------------------------------+------------------------------------------+-------+

Timing Summary:
---------------
Speed Grade: -5

   Minimum period: 2.929ns (Maximum Frequency: 341.419MHz)
   Minimum input arrival time before clock: 3.473ns
   Maximum output required time after clock: 5.484ns
   Maximum combinational path delay: No path found

Timing Detail:
--------------
All values displayed in nanoseconds (ns)

=========================================================================
Timing constraint: Default period analysis for Clock 'Clk'
  Clock period: 2.929ns (frequency: 341.419MHz)
  Total number of paths / destination ports: 30 / 12
-------------------------------------------------------------------------
Delay:               2.929ns (Levels of Logic = 1)
  Source:            FSMU/Loop1[2].DFlipFlopU/Q (FF)
  Destination:       FSMU/Loop1[1].DFlipFlopU/Q (FF)
  Source Clock:      Clk rising
  Destination Clock: Clk rising

  Data Path: FSMU/Loop1[2].DFlipFlopU/Q to FSMU/Loop1[1].DFlipFlopU/Q
                                Gate     Net
    Cell:in->out      fanout   Delay   Delay  Logical Name (Net Name)
    ----------------------------------------  ------------
     FDRS:C->Q             4   0.514   0.651  FSMU/Loop1[2].DFlipFlopU/Q (FSMU/Loop1[2].DFlipFlopU/Q)
     LUT4:I0->O            1   0.612   0.357  FSMU/RstAnd1/Out04 (FSMU/RstAnd1/Out04)
     FDRS:S                    0.795          FSMU/Loop1[1].DFlipFlopU/Q
    ----------------------------------------
    Total                      2.929ns (1.921ns logic, 1.008ns route)
                                       (65.6% logic, 34.4% route)

=========================================================================
Timing constraint: Default OFFSET IN BEFORE for Clock 'Clk'
  Total number of paths / destination ports: 9 / 9
-------------------------------------------------------------------------
Offset:              3.473ns (Levels of Logic = 2)
  Source:            Rst (PAD)
  Destination:       FSMU/Loop1[0].DFlipFlopU/Q (FF)
  Destination Clock: Clk rising

  Data Path: Rst to FSMU/Loop1[0].DFlipFlopU/Q
                                Gate     Net
    Cell:in->out      fanout   Delay   Delay  Logical Name (Net Name)
    ----------------------------------------  ------------
     IBUF:I->O             3   1.106   0.603  Rst_IBUF (Rst_IBUF)
     LUT3:I0->O            1   0.612   0.357  FSMU/RstOr0/Out02 (FSMU/RstOr0/Out02)
     FDS:S                     0.795          FSMU/Loop1[0].DFlipFlopU/Q
    ----------------------------------------
    Total                      3.473ns (2.513ns logic, 0.960ns route)
                                       (72.4% logic, 27.6% route)

=========================================================================
Timing constraint: Default OFFSET OUT AFTER for Clock 'Clk'
  Total number of paths / destination ports: 16 / 8
-------------------------------------------------------------------------
Offset:              5.484ns (Levels of Logic = 2)
  Source:            FSMU/Loop1[0].DFlipFlopU/Q (FF)
  Destination:       Led<7> (PAD)
  Source Clock:      Clk rising

  Data Path: FSMU/Loop1[0].DFlipFlopU/Q to Led<7>
                                Gate     Net
    Cell:in->out      fanout   Delay   Delay  Logical Name (Net Name)
    ----------------------------------------  ------------
     FDS:C->Q              5   0.514   0.690  FSMU/Loop1[0].DFlipFlopU/Q (FSMU/Loop1[0].DFlipFlopU/Q)
     LUT2:I0->O            4   0.612   0.499  LedU/OrU2/Out01 (Led_2_OBUF)
     OBUF:I->O                 3.169          Led_5_OBUF (Led<5>)
    ----------------------------------------
    Total                      5.484ns (4.295ns logic, 1.189ns route)
                                       (78.3% logic, 21.7% route)

=========================================================================


Total REAL time to Xst completion: 7.00 secs
Total CPU time to Xst completion: 6.49 secs
 
--> 

Total memory usage is 252052 kilobytes

Number of errors   :    1 (   0 filtered)
Number of warnings :   16 (   0 filtered)
Number of infos    :    0 (   0 filtered)

