--------------------------------------------------------------------------------
Release 13.4 Trace  (nt64)
Copyright (c) 1995-2011 Xilinx, Inc.  All rights reserved.

D:\Xilinx\ISE_DS\ISE\bin\nt64\unwrapped\trce.exe -intstyle ise -v 3 -s 5 -n 3
-fastpaths -xml Lab2TopModule.twx Lab2TopModule.ncd -o Lab2TopModule.twr
Lab2TopModule.pcf

Design file:              Lab2TopModule.ncd
Physical constraint file: Lab2TopModule.pcf
Device,package,speed:     xc3s100e,cp132,-5 (PRODUCTION 1.27 2012-01-07)
Report level:             verbose report

Environment Variable      Effect 
--------------------      ------ 
NONE                      No environment variables were set
--------------------------------------------------------------------------------

INFO:Timing:2698 - No timing constraints found, doing default enumeration.
INFO:Timing:3412 - To improve timing, see the Timing Closure User Guide (UG612).
INFO:Timing:2752 - To get complete path coverage, use the unconstrained paths 
   option. All paths that are not constrained will be reported in the 
   unconstrained paths section(s) of the report.
INFO:Timing:3339 - The clock-to-out numbers in this timing report are based on 
   a 50 Ohm transmission line loading model.  For the details of this model, 
   and for more information on accounting for different loading conditions, 
   please see the device datasheet.
INFO:Timing:3390 - This architecture does not support a default System Jitter 
   value, please add SYSTEM_JITTER constraint to the UCF to modify the Clock 
   Uncertainty calculation.
INFO:Timing:3389 - This architecture does not support 'Discrete Jitter' and 
   'Phase Error' calculations, these terms will be zero in the Clock 
   Uncertainty calculation.  Please make appropriate modification to 
   SYSTEM_JITTER to account for the unsupported Discrete Jitter and Phase 
   Error.



Data Sheet report:
-----------------
All values displayed in nanoseconds (ns)

Setup/Hold to clock Clk
------------+------------+------------+------------------+--------+
            |Max Setup to|Max Hold to |                  | Clock  |
Source      | clk (edge) | clk (edge) |Internal Clock(s) | Phase  |
------------+------------+------------+------------------+--------+
InVec<0>    |    0.056(R)|    1.046(R)|Clk_BUFGP         |   0.000|
InVec<1>    |    0.332(R)|    0.849(R)|Clk_BUFGP         |   0.000|
InVec<2>    |    0.442(R)|    0.764(R)|Clk_BUFGP         |   0.000|
Rst         |    1.618(R)|    0.617(R)|Clk_BUFGP         |   0.000|
------------+------------+------------+------------------+--------+

Clock Clk to Pad
------------+------------+------------------+--------+
            | clk (edge) |                  | Clock  |
Destination |   to PAD   |Internal Clock(s) | Phase  |
------------+------------+------------------+--------+
Led<0>      |    8.545(R)|Clk_BUFGP         |   0.000|
Led<1>      |    8.318(R)|Clk_BUFGP         |   0.000|
Led<2>      |    8.720(R)|Clk_BUFGP         |   0.000|
Led<3>      |    8.494(R)|Clk_BUFGP         |   0.000|
Led<4>      |    8.507(R)|Clk_BUFGP         |   0.000|
Led<5>      |    8.004(R)|Clk_BUFGP         |   0.000|
Led<6>      |    7.760(R)|Clk_BUFGP         |   0.000|
Led<7>      |    8.243(R)|Clk_BUFGP         |   0.000|
------------+------------+------------------+--------+

Clock to Setup on destination clock Clk
---------------+---------+---------+---------+---------+
               | Src:Rise| Src:Fall| Src:Rise| Src:Fall|
Source Clock   |Dest:Rise|Dest:Rise|Dest:Fall|Dest:Fall|
---------------+---------+---------+---------+---------+
Clk            |    3.100|         |         |         |
---------------+---------+---------+---------+---------+


Analysis completed Fri Mar 17 13:40:48 2017 
--------------------------------------------------------------------------------

Trace Settings:
-------------------------
Trace Settings 

Peak Memory Usage: 146 MB



