Release 13.4 - xst O.87xd (nt64)
Copyright (c) 1995-2011 Xilinx, Inc.  All rights reserved.
--> Parameter TMPDIR set to xst/projnav.tmp


Total REAL time to Xst completion: 0.00 secs
Total CPU time to Xst completion: 0.11 secs
 
--> Parameter xsthdpdir set to xst


Total REAL time to Xst completion: 0.00 secs
Total CPU time to Xst completion: 0.11 secs
 
--> Reading design: Lab3Top.prj

TABLE OF CONTENTS
  1) Synthesis Options Summary
  2) HDL Compilation
  3) Design Hierarchy Analysis
  4) HDL Analysis
  5) HDL Synthesis
     5.1) HDL Synthesis Report
  6) Advanced HDL Synthesis
     6.1) Advanced HDL Synthesis Report
  7) Low Level Synthesis
  8) Partition Report
  9) Final Report
	9.1) Device utilization summary
	9.2) Partition Resource Summary
	9.3) TIMING REPORT


=========================================================================
*                      Synthesis Options Summary                        *
=========================================================================
---- Source Parameters
Input File Name                    : "Lab3Top.prj"
Input Format                       : mixed
Ignore Synthesis Constraint File   : NO

---- Target Parameters
Output File Name                   : "Lab3Top"
Output Format                      : NGC
Target Device                      : xc3s100e-5-cp132

---- Source Options
Top Module Name                    : Lab3Top
Automatic FSM Extraction           : YES
FSM Encoding Algorithm             : Auto
Safe Implementation                : No
FSM Style                          : LUT
RAM Extraction                     : Yes
RAM Style                          : Auto
ROM Extraction                     : Yes
Mux Style                          : Auto
Decoder Extraction                 : YES
Priority Encoder Extraction        : Yes
Shift Register Extraction          : YES
Logical Shifter Extraction         : YES
XOR Collapsing                     : YES
ROM Style                          : Auto
Mux Extraction                     : Yes
Resource Sharing                   : YES
Asynchronous To Synchronous        : NO
Multiplier Style                   : Auto
Automatic Register Balancing       : No

---- Target Options
Add IO Buffers                     : YES
Global Maximum Fanout              : 100000
Add Generic Clock Buffer(BUFG)     : 24
Register Duplication               : YES
Slice Packing                      : YES
Optimize Instantiated Primitives   : NO
Use Clock Enable                   : Yes
Use Synchronous Set                : Yes
Use Synchronous Reset              : Yes
Pack IO Registers into IOBs        : Auto
Equivalent register Removal        : YES

---- General Options
Optimization Goal                  : Speed
Optimization Effort                : 1
Keep Hierarchy                     : No
Netlist Hierarchy                  : As_Optimized
RTL Output                         : Yes
Global Optimization                : AllClockNets
Read Cores                         : YES
Write Timing Constraints           : NO
Cross Clock Analysis               : NO
Hierarchy Separator                : /
Bus Delimiter                      : <>
Case Specifier                     : Maintain
Slice Utilization Ratio            : 100
BRAM Utilization Ratio             : 100
Verilog 2001                       : YES
Auto BRAM Packing                  : NO
Slice Utilization Ratio Delta      : 5

=========================================================================


=========================================================================
*                          HDL Compilation                              *
=========================================================================
Compiling vhdl file "D:/Dropbox/ece/Spring_2017/Advanced Digital Design/Lab/Lab3/Lab3/AndGate.vhd" in Library work.
Entity <AndGate> compiled.
Entity <AndGate> (Architecture <Behavioral>) compiled.
Compiling vhdl file "D:/Dropbox/ece/Spring_2017/Advanced Digital Design/Lab/Lab3/Lab3/mux.vhd" in Library work.
Entity <mux> compiled.
Entity <mux> (Architecture <Behavioral>) compiled.
Compiling vhdl file "D:/Dropbox/ece/Spring_2017/Advanced Digital Design/Lab/Lab3/Lab3/And4Gate.vhd" in Library work.
Entity <And4Gate> compiled.
Entity <And4Gate> (Architecture <Structural>) compiled.
Compiling vhdl file "D:/Dropbox/ece/Spring_2017/Advanced Digital Design/Lab/Lab3/Lab3/mux4x1.vhd" in Library work.
Entity <mux4x1> compiled.
Entity <mux4x1> (Architecture <Structural>) compiled.
Compiling vhdl file "D:/Dropbox/ece/Spring_2017/Advanced Digital Design/Lab/Lab3/Lab3/XnorGate.vhd" in Library work.
Entity <XnorGate> compiled.
Entity <XnorGate> (Architecture <Behavioral>) compiled.
Compiling vhdl file "D:/Dropbox/ece/Spring_2017/Advanced Digital Design/Lab/Lab3/Lab3/And8Gate.vhd" in Library work.
Entity <And8Gate> compiled.
Entity <And8Gate> (Architecture <Structural>) compiled.
Compiling vhdl file "D:/Dropbox/ece/Spring_2017/Advanced Digital Design/Lab/Lab3/Lab3/Decoder2to32.vhd" in Library work.
Entity <Decoder2to32> compiled.
Entity <Decoder2to32> (Architecture <Behavioral>) compiled.
Compiling vhdl file "D:/Dropbox/ece/Spring_2017/Advanced Digital Design/Lab/Lab3/Lab3/mux32x8.vhd" in Library work.
Entity <mux32x8> compiled.
Entity <mux32x8> (Architecture <Structural>) compiled.
Compiling vhdl file "D:/Dropbox/ece/Spring_2017/Advanced Digital Design/Lab/Lab3/Lab3/mux16x4.vhd" in Library work.
Entity <mux16x4> compiled.
Entity <mux16x4> (Architecture <Structural>) compiled.
Compiling vhdl file "D:/Dropbox/ece/Spring_2017/Advanced Digital Design/Lab/Lab3/Lab3/FSMssd.vhd" in Library work.
Entity <FSMssd> compiled.
Entity <FSMssd> (Architecture <Behavioral>) compiled.
Compiling vhdl file "D:/Dropbox/ece/Spring_2017/Advanced Digital Design/Lab/Lab3/Lab3/Counter125K.vhd" in Library work.
Entity <Counter125K> compiled.
Entity <Counter125K> (Architecture <Behavioral>) compiled.
Compiling vhdl file "D:/Dropbox/ece/Spring_2017/Advanced Digital Design/Lab/Lab3/Lab3/EqualComp7.vhd" in Library work.
Entity <EqualComp7> compiled.
Entity <EqualComp7> (Architecture <Structural>) compiled.
Compiling vhdl file "D:/Dropbox/ece/Spring_2017/Advanced Digital Design/Lab/Lab3/Lab3/singlepulsegen.vhd" in Library work.
Entity <singlepulsegen> compiled.
Entity <singlepulsegen> (Architecture <behavioral>) compiled.
Compiling vhdl file "D:/Dropbox/ece/Spring_2017/Advanced Digital Design/Lab/Lab3/Lab3/FSMStack.vhd" in Library work.
Entity <FSMStack> compiled.
Entity <FSMStack> (Architecture <Behavioral>) compiled.
Compiling vhdl file "D:/Dropbox/ece/Spring_2017/Advanced Digital Design/Lab/Lab3/Lab3/EqualComp5.vhd" in Library work.
Entity <EqualComp5> compiled.
Entity <EqualComp5> (Architecture <Structural>) compiled.
Compiling vhdl file "D:/Dropbox/ece/Spring_2017/Advanced Digital Design/Lab/Lab3/Lab3/Counter5bit.vhd" in Library work.
Entity <Counter5bit> compiled.
Entity <Counter5bit> (Architecture <Behavioral>) compiled.
Compiling vhdl file "D:/Dropbox/ece/Spring_2017/Advanced Digital Design/Lab/Lab3/Lab3/MemoryStack.vhd" in Library work.
Entity <MemoryStack> compiled.
Entity <MemoryStack> (Architecture <MemoryStack_a>) compiled.
Compiling vhdl file "D:/Dropbox/ece/Spring_2017/Advanced Digital Design/Lab/Lab3/Lab3/SSDControl.vhd" in Library work.
Entity <SSDControl> compiled.
Entity <SSDControl> (Architecture <Structural>) compiled.
Compiling vhdl file "D:/Dropbox/ece/Spring_2017/Advanced Digital Design/Lab/Lab3/Lab3/SSDData.vhd" in Library work.
Entity <SSDData> compiled.
Entity <SSDData> (Architecture <Structural>) compiled.
Compiling vhdl file "D:/Dropbox/ece/Spring_2017/Advanced Digital Design/Lab/Lab3/Lab3/SSDCircuit.vhd" in Library work.
Entity <SSDCircuit> compiled.
Entity <SSDCircuit> (Architecture <Structural>) compiled.
Compiling vhdl file "D:/Dropbox/ece/Spring_2017/Advanced Digital Design/Lab/Lab3/Lab3/StackCircuit.vhd" in Library work.
Entity <StackCircuit> compiled.
Entity <StackCircuit> (Architecture <Structural>) compiled.
Compiling vhdl file "D:/Dropbox/ece/Spring_2017/Advanced Digital Design/Lab/Lab3/Lab3/Lab3Top.vhd" in Library work.
Entity <Lab3Top> compiled.
Entity <Lab3Top> (Architecture <Behavioral>) compiled.

=========================================================================
*                     Design Hierarchy Analysis                         *
=========================================================================
Analyzing hierarchy for entity <Lab3Top> in library <work> (architecture <Behavioral>).

Analyzing hierarchy for entity <SSDCircuit> in library <work> (architecture <Structural>).

Analyzing hierarchy for entity <StackCircuit> in library <work> (architecture <Structural>).

Analyzing hierarchy for entity <SSDControl> in library <work> (architecture <Structural>).

Analyzing hierarchy for entity <SSDData> in library <work> (architecture <Structural>).

Analyzing hierarchy for entity <singlepulsegen> in library <work> (architecture <behavioral>).

Analyzing hierarchy for entity <FSMStack> in library <work> (architecture <Behavioral>).

Analyzing hierarchy for entity <EqualComp5> in library <work> (architecture <Structural>).

Analyzing hierarchy for entity <Counter5bit> in library <work> (architecture <Behavioral>).

Analyzing hierarchy for entity <mux16x4> in library <work> (architecture <Structural>).

Analyzing hierarchy for entity <FSMssd> in library <work> (architecture <Behavioral>).

Analyzing hierarchy for entity <Counter125K> in library <work> (architecture <Behavioral>).

Analyzing hierarchy for entity <EqualComp7> in library <work> (architecture <Structural>).

Analyzing hierarchy for entity <Decoder2to32> in library <work> (architecture <Behavioral>).

Analyzing hierarchy for entity <mux32x8> in library <work> (architecture <Structural>).

Analyzing hierarchy for entity <XnorGate> in library <work> (architecture <Behavioral>).

Analyzing hierarchy for entity <And8Gate> in library <work> (architecture <Structural>).

Analyzing hierarchy for entity <mux4x1> in library <work> (architecture <Structural>).

Analyzing hierarchy for entity <And4Gate> in library <work> (architecture <Structural>).

Analyzing hierarchy for entity <AndGate> in library <work> (architecture <Behavioral>).

Analyzing hierarchy for entity <mux> in library <work> (architecture <Behavioral>).


=========================================================================
*                            HDL Analysis                               *
=========================================================================
Analyzing Entity <Lab3Top> in library <work> (Architecture <Behavioral>).
Entity <Lab3Top> analyzed. Unit <Lab3Top> generated.

Analyzing Entity <SSDCircuit> in library <work> (Architecture <Structural>).
Entity <SSDCircuit> analyzed. Unit <SSDCircuit> generated.

Analyzing Entity <SSDControl> in library <work> (Architecture <Structural>).
WARNING:Xst:753 - "D:/Dropbox/ece/Spring_2017/Advanced Digital Design/Lab/Lab3/Lab3/SSDControl.vhd" line 88: Unconnected output port 'RC' of component 'Counter125K'.
Entity <SSDControl> analyzed. Unit <SSDControl> generated.

Analyzing Entity <mux16x4> in library <work> (Architecture <Structural>).
Entity <mux16x4> analyzed. Unit <mux16x4> generated.

Analyzing Entity <mux4x1> in library <work> (Architecture <Structural>).
Entity <mux4x1> analyzed. Unit <mux4x1> generated.

Analyzing Entity <mux> in library <work> (Architecture <Behavioral>).
Entity <mux> analyzed. Unit <mux> generated.

Analyzing Entity <FSMssd> in library <work> (Architecture <Behavioral>).
Entity <FSMssd> analyzed. Unit <FSMssd> generated.

Analyzing Entity <Counter125K> in library <work> (Architecture <Behavioral>).
Entity <Counter125K> analyzed. Unit <Counter125K> generated.

Analyzing Entity <EqualComp7> in library <work> (Architecture <Structural>).
Entity <EqualComp7> analyzed. Unit <EqualComp7> generated.

Analyzing Entity <XnorGate> in library <work> (Architecture <Behavioral>).
Entity <XnorGate> analyzed. Unit <XnorGate> generated.

Analyzing Entity <And8Gate> in library <work> (Architecture <Structural>).
Entity <And8Gate> analyzed. Unit <And8Gate> generated.

Analyzing Entity <And4Gate> in library <work> (Architecture <Structural>).
Entity <And4Gate> analyzed. Unit <And4Gate> generated.

Analyzing Entity <AndGate> in library <work> (Architecture <Behavioral>).
Entity <AndGate> analyzed. Unit <AndGate> generated.

Analyzing Entity <SSDData> in library <work> (Architecture <Structural>).
Entity <SSDData> analyzed. Unit <SSDData> generated.

Analyzing Entity <Decoder2to32> in library <work> (Architecture <Behavioral>).
Entity <Decoder2to32> analyzed. Unit <Decoder2to32> generated.

Analyzing Entity <mux32x8> in library <work> (Architecture <Structural>).
Entity <mux32x8> analyzed. Unit <mux32x8> generated.

Analyzing Entity <StackCircuit> in library <work> (Architecture <Structural>).
WARNING:Xst:2211 - "D:/Dropbox/ece/Spring_2017/Advanced Digital Design/Lab/Lab3/Lab3/StackCircuit.vhd" line 136: Instantiating black box module <MemoryStack>.
Entity <StackCircuit> analyzed. Unit <StackCircuit> generated.

Analyzing Entity <singlepulsegen> in library <work> (Architecture <behavioral>).
Entity <singlepulsegen> analyzed. Unit <singlepulsegen> generated.

Analyzing Entity <FSMStack> in library <work> (Architecture <Behavioral>).
Entity <FSMStack> analyzed. Unit <FSMStack> generated.

Analyzing Entity <EqualComp5> in library <work> (Architecture <Structural>).
Entity <EqualComp5> analyzed. Unit <EqualComp5> generated.

Analyzing Entity <Counter5bit> in library <work> (Architecture <Behavioral>).
Entity <Counter5bit> analyzed. Unit <Counter5bit> generated.


=========================================================================
*                           HDL Synthesis                               *
=========================================================================

Performing bidirectional port resolution...

Synthesizing Unit <FSMssd>.
    Related source file is "D:/Dropbox/ece/Spring_2017/Advanced Digital Design/Lab/Lab3/Lab3/FSMssd.vhd".
    Found finite state machine <FSM_0> for signal <currentS>.
    -----------------------------------------------------------------------
    | States             | 4                                              |
    | Transitions        | 8                                              |
    | Inputs             | 1                                              |
    | Outputs            | 2                                              |
    | Clock              | Clk                       (rising_edge)        |
    | Reset              | Rst                       (positive)           |
    | Reset type         | asynchronous                                   |
    | Reset State        | an3                                            |
    | Power Up State     | an3                                            |
    | Encoding           | automatic                                      |
    | Implementation     | LUT                                            |
    -----------------------------------------------------------------------
    Summary:
	inferred   1 Finite State Machine(s).
Unit <FSMssd> synthesized.


Synthesizing Unit <Counter125K>.
    Related source file is "D:/Dropbox/ece/Spring_2017/Advanced Digital Design/Lab/Lab3/Lab3/Counter125K.vhd".
    Found 1-bit register for signal <RC>.
    Found 17-bit up counter for signal <count>.
    Summary:
	inferred   1 Counter(s).
	inferred   1 D-type flip-flop(s).
Unit <Counter125K> synthesized.


Synthesizing Unit <mux>.
    Related source file is "D:/Dropbox/ece/Spring_2017/Advanced Digital Design/Lab/Lab3/Lab3/mux.vhd".
Unit <mux> synthesized.


Synthesizing Unit <XnorGate>.
    Related source file is "D:/Dropbox/ece/Spring_2017/Advanced Digital Design/Lab/Lab3/Lab3/XnorGate.vhd".
    Found 1-bit xor2 for signal <AeqB$xor0000>.
Unit <XnorGate> synthesized.


Synthesizing Unit <AndGate>.
    Related source file is "D:/Dropbox/ece/Spring_2017/Advanced Digital Design/Lab/Lab3/Lab3/AndGate.vhd".
Unit <AndGate> synthesized.


Synthesizing Unit <Decoder2to32>.
    Related source file is "D:/Dropbox/ece/Spring_2017/Advanced Digital Design/Lab/Lab3/Lab3/Decoder2to32.vhd".
    Found 4x32-bit ROM for signal <OutVec>.
    Summary:
	inferred   1 ROM(s).
Unit <Decoder2to32> synthesized.


Synthesizing Unit <singlepulsegen>.
    Related source file is "D:/Dropbox/ece/Spring_2017/Advanced Digital Design/Lab/Lab3/Lab3/singlepulsegen.vhd".
    Found finite state machine <FSM_1> for signal <currentS>.
    -----------------------------------------------------------------------
    | States             | 3                                              |
    | Transitions        | 5                                              |
    | Inputs             | 1                                              |
    | Outputs            | 1                                              |
    | Clock              | clk                       (rising_edge)        |
    | Reset              | rst                       (positive)           |
    | Reset type         | asynchronous                                   |
    | Reset State        | s0                                             |
    | Power Up State     | s0                                             |
    | Encoding           | automatic                                      |
    | Implementation     | LUT                                            |
    -----------------------------------------------------------------------
    Summary:
	inferred   1 Finite State Machine(s).
Unit <singlepulsegen> synthesized.


Synthesizing Unit <FSMStack>.
    Related source file is "D:/Dropbox/ece/Spring_2017/Advanced Digital Design/Lab/Lab3/Lab3/FSMStack.vhd".
    Found finite state machine <FSM_2> for signal <currentS>.
    -----------------------------------------------------------------------
    | States             | 4                                              |
    | Transitions        | 9                                              |
    | Inputs             | 4                                              |
    | Outputs            | 2                                              |
    | Clock              | Clk                       (rising_edge)        |
    | Reset              | Rst                       (positive)           |
    | Reset type         | asynchronous                                   |
    | Reset State        | empty                                          |
    | Power Up State     | empty                                          |
    | Encoding           | automatic                                      |
    | Implementation     | LUT                                            |
    -----------------------------------------------------------------------
    Summary:
	inferred   1 Finite State Machine(s).
Unit <FSMStack> synthesized.


Synthesizing Unit <Counter5bit>.
    Related source file is "D:/Dropbox/ece/Spring_2017/Advanced Digital Design/Lab/Lab3/Lab3/Counter5bit.vhd".
    Found 5-bit updown counter for signal <count>.
    Summary:
	inferred   1 Counter(s).
Unit <Counter5bit> synthesized.


Synthesizing Unit <mux4x1>.
    Related source file is "D:/Dropbox/ece/Spring_2017/Advanced Digital Design/Lab/Lab3/Lab3/mux4x1.vhd".
Unit <mux4x1> synthesized.


Synthesizing Unit <And4Gate>.
    Related source file is "D:/Dropbox/ece/Spring_2017/Advanced Digital Design/Lab/Lab3/Lab3/And4Gate.vhd".
Unit <And4Gate> synthesized.


Synthesizing Unit <mux16x4>.
    Related source file is "D:/Dropbox/ece/Spring_2017/Advanced Digital Design/Lab/Lab3/Lab3/mux16x4.vhd".
Unit <mux16x4> synthesized.


Synthesizing Unit <And8Gate>.
    Related source file is "D:/Dropbox/ece/Spring_2017/Advanced Digital Design/Lab/Lab3/Lab3/And8Gate.vhd".
Unit <And8Gate> synthesized.


Synthesizing Unit <mux32x8>.
    Related source file is "D:/Dropbox/ece/Spring_2017/Advanced Digital Design/Lab/Lab3/Lab3/mux32x8.vhd".
Unit <mux32x8> synthesized.


Synthesizing Unit <SSDData>.
    Related source file is "D:/Dropbox/ece/Spring_2017/Advanced Digital Design/Lab/Lab3/Lab3/SSDData.vhd".
Unit <SSDData> synthesized.


Synthesizing Unit <EqualComp7>.
    Related source file is "D:/Dropbox/ece/Spring_2017/Advanced Digital Design/Lab/Lab3/Lab3/EqualComp7.vhd".
Unit <EqualComp7> synthesized.


Synthesizing Unit <EqualComp5>.
    Related source file is "D:/Dropbox/ece/Spring_2017/Advanced Digital Design/Lab/Lab3/Lab3/EqualComp5.vhd".
Unit <EqualComp5> synthesized.


Synthesizing Unit <StackCircuit>.
    Related source file is "D:/Dropbox/ece/Spring_2017/Advanced Digital Design/Lab/Lab3/Lab3/StackCircuit.vhd".
WARNING:Xst:646 - Signal <TOSm1_Out> is assigned but never used. This unconnected signal will be trimmed during the optimization process.
WARNING:Xst:646 - Signal <RC_TOSm1> is assigned but never used. This unconnected signal will be trimmed during the optimization process.
WARNING:Xst:646 - Signal <RC_TOS> is assigned but never used. This unconnected signal will be trimmed during the optimization process.
WARNING:Xst:646 - Signal <AddPulse> is assigned but never used. This unconnected signal will be trimmed during the optimization process.
Unit <StackCircuit> synthesized.


Synthesizing Unit <SSDControl>.
    Related source file is "D:/Dropbox/ece/Spring_2017/Advanced Digital Design/Lab/Lab3/Lab3/SSDControl.vhd".
WARNING:Xst:646 - Signal <CompIn<12>> is assigned but never used. This unconnected signal will be trimmed during the optimization process.
WARNING:Xst:646 - Signal <CompIn<10:7>> is assigned but never used. This unconnected signal will be trimmed during the optimization process.
WARNING:Xst:646 - Signal <CompIn<5:4>> is assigned but never used. This unconnected signal will be trimmed during the optimization process.
WARNING:Xst:646 - Signal <CompIn<2:0>> is assigned but never used. This unconnected signal will be trimmed during the optimization process.
Unit <SSDControl> synthesized.


Synthesizing Unit <SSDCircuit>.
    Related source file is "D:/Dropbox/ece/Spring_2017/Advanced Digital Design/Lab/Lab3/Lab3/SSDCircuit.vhd".
Unit <SSDCircuit> synthesized.


Synthesizing Unit <Lab3Top>.
    Related source file is "D:/Dropbox/ece/Spring_2017/Advanced Digital Design/Lab/Lab3/Lab3/Lab3Top.vhd".
Unit <Lab3Top> synthesized.

WARNING:Xst:524 - All outputs of the instance <PulseAdd> of the block <singlepulsegen> are unconnected in block <StackCircuit>.
   This instance will be removed from the design along with all underlying logic

=========================================================================
HDL Synthesis Report

Macro Statistics
# ROMs                                                 : 1
 4x32-bit ROM                                          : 1
# Counters                                             : 3
 17-bit up counter                                     : 1
 5-bit updown counter                                  : 2
# Registers                                            : 1
 1-bit register                                        : 1
# Xors                                                 : 17
 1-bit xor2                                            : 17

=========================================================================

=========================================================================
*                       Advanced HDL Synthesis                          *
=========================================================================

Analyzing FSM <FSM_2> for best encoding.
Optimizing FSM <Stack/FSMU/currentS/FSM> on signal <currentS[1:2]> with gray encoding.
-------------------
 State | Encoding
-------------------
 empty | 00
 none  | 01
 full  | 11
 ovf   | 10
-------------------
Analyzing FSM <FSM_1> for best encoding.
Optimizing FSM <Stack/PulsePush/currentS/FSM> on signal <currentS[1:3]> with one-hot encoding.
Optimizing FSM <Stack/PulsePop/currentS/FSM> on signal <currentS[1:3]> with one-hot encoding.
-------------------
 State | Encoding
-------------------
 s0    | 001
 s1    | 010
 s2    | 100
-------------------
Analyzing FSM <FSM_0> for best encoding.
Optimizing FSM <SSD/controlU/fsmU/currentS/FSM> on signal <currentS[1:2]> with user encoding.
-------------------
 State | Encoding
-------------------
 an3   | 00
 an2   | 01
 an1   | 10
 an0   | 11
-------------------
WARNING:Xst:1290 - Hierarchical block <TOSm1> is unconnected in block <Stack>.
   It will be removed from the design.
WARNING:Xst:1290 - Hierarchical block <Loop1[1].AndU0> is unconnected in block <And4Ub>.
   It will be removed from the design.
WARNING:Xst:1290 - Hierarchical block <Loop1[1].AndU0> is unconnected in block <And4Ub>.
   It will be removed from the design.
WARNING:Xst:1290 - Hierarchical block <mux1> is unconnected in block <Loop1[0].mux0>.
   It will be removed from the design.
WARNING:Xst:1290 - Hierarchical block <mux1> is unconnected in block <Loop1[1].mux0>.
   It will be removed from the design.
WARNING:Xst:1290 - Hierarchical block <mux0> is unconnected in block <Loop1[2].mux0>.
   It will be removed from the design.
WARNING:Xst:1290 - Hierarchical block <mux0> is unconnected in block <Loop1[3].mux0>.
   It will be removed from the design.

=========================================================================
Advanced HDL Synthesis Report

Macro Statistics
# FSMs                                                 : 3
# ROMs                                                 : 1
 4x32-bit ROM                                          : 1
# Counters                                             : 3
 17-bit up counter                                     : 1
 5-bit updown counter                                  : 2
# Registers                                            : 1
 Flip-Flops                                            : 1
# Xors                                                 : 17
 1-bit xor2                                            : 17

=========================================================================

=========================================================================
*                         Low Level Synthesis                           *
=========================================================================
WARNING:Xst:2677 - Node <SSD/controlU/counterU/RC> of sequential type is unconnected in block <Lab3Top>.
WARNING:Xst:2677 - Node <TOSm1/count_4> of sequential type is unconnected in block <StackCircuit>.
WARNING:Xst:2677 - Node <TOSm1/count_3> of sequential type is unconnected in block <StackCircuit>.
WARNING:Xst:2677 - Node <TOSm1/count_2> of sequential type is unconnected in block <StackCircuit>.
WARNING:Xst:2677 - Node <TOSm1/count_1> of sequential type is unconnected in block <StackCircuit>.
WARNING:Xst:2677 - Node <TOSm1/count_0> of sequential type is unconnected in block <StackCircuit>.

Optimizing unit <Lab3Top> ...

Optimizing unit <StackCircuit> ...

Mapping all equations...
WARNING:Xst:2036 - Inserting OBUF on port <Num_Out<7>> driven by black box <MemoryStack>. Possible simulation mismatch.
WARNING:Xst:2036 - Inserting OBUF on port <Num_Out<6>> driven by black box <MemoryStack>. Possible simulation mismatch.
WARNING:Xst:2036 - Inserting OBUF on port <Num_Out<5>> driven by black box <MemoryStack>. Possible simulation mismatch.
WARNING:Xst:2036 - Inserting OBUF on port <Num_Out<4>> driven by black box <MemoryStack>. Possible simulation mismatch.
WARNING:Xst:2036 - Inserting OBUF on port <Num_Out<3>> driven by black box <MemoryStack>. Possible simulation mismatch.
WARNING:Xst:2036 - Inserting OBUF on port <Num_Out<2>> driven by black box <MemoryStack>. Possible simulation mismatch.
WARNING:Xst:2036 - Inserting OBUF on port <Num_Out<1>> driven by black box <MemoryStack>. Possible simulation mismatch.
WARNING:Xst:2036 - Inserting OBUF on port <Num_Out<0>> driven by black box <MemoryStack>. Possible simulation mismatch.
Building and optimizing final netlist ...
Found area constraint ratio of 100 (+ 5) on block Lab3Top, actual ratio is 4.

Final Macro Processing ...

=========================================================================
Final Register Report

Macro Statistics
# Registers                                            : 30
 Flip-Flops                                            : 30

=========================================================================

=========================================================================
*                           Partition Report                            *
=========================================================================

Partition Implementation Status
-------------------------------

  No Partitions were found in this design.

-------------------------------

=========================================================================
*                            Final Report                               *
=========================================================================
Final Results
RTL Top Level Output File Name     : Lab3Top.ngr
Top Level Output File Name         : Lab3Top
Output Format                      : NGC
Optimization Goal                  : Speed
Keep Hierarchy                     : No

Design Statistics
# IOs                              : 33

Cell Usage :
# BELS                             : 111
#      GND                         : 1
#      INV                         : 1
#      LUT1                        : 16
#      LUT2                        : 29
#      LUT3                        : 5
#      LUT3_L                      : 2
#      LUT4                        : 19
#      LUT4_D                      : 1
#      LUT4_L                      : 1
#      MUXCY                       : 16
#      MUXF5                       : 2
#      VCC                         : 1
#      XORCY                       : 17
# FlipFlops/Latches                : 30
#      FDC                         : 23
#      FDCPE                       : 5
#      FDP                         : 2
# Clock Buffers                    : 1
#      BUFGP                       : 1
# IO Buffers                       : 31
#      IBUF                        : 11
#      OBUF                        : 20
# Others                           : 1
#      MemoryStack                 : 1
=========================================================================

Device utilization summary:
---------------------------

Selected Device : 3s100ecp132-5 

 Number of Slices:                       41  out of    960     4%  
 Number of Slice Flip Flops:             30  out of   1920     1%  
 Number of 4 input LUTs:                 74  out of   1920     3%  
 Number of IOs:                          33
 Number of bonded IOBs:                  32  out of     83    38%  
 Number of GCLKs:                         1  out of     24     4%  

---------------------------
Partition Resource Summary:
---------------------------

  No Partitions were found in this design.

---------------------------


=========================================================================
TIMING REPORT

NOTE: THESE TIMING NUMBERS ARE ONLY A SYNTHESIS ESTIMATE.
      FOR ACCURATE TIMING INFORMATION PLEASE REFER TO THE TRACE REPORT
      GENERATED AFTER PLACE-and-ROUTE.

Clock Information:
------------------
-----------------------------------+------------------------+-------+
Clock Signal                       | Clock buffer(FF name)  | Load  |
-----------------------------------+------------------------+-------+
Clk                                | BUFGP                  | 30    |
-----------------------------------+------------------------+-------+

Asynchronous Control Signals Information:
----------------------------------------
-----------------------------------+------------------------+-------+
Control Signal                     | Buffer(FF name)        | Load  |
-----------------------------------+------------------------+-------+
Rst                                | IBUF                   | 30    |
N0(XST_GND:G)                      | NONE(Stack/TOS/count_0)| 5     |
-----------------------------------+------------------------+-------+

Timing Summary:
---------------
Speed Grade: -5

   Minimum period: 5.267ns (Maximum Frequency: 189.854MHz)
   Minimum input arrival time before clock: 3.368ns
   Maximum output required time after clock: 5.644ns
   Maximum combinational path delay: 3.526ns

Timing Detail:
--------------
All values displayed in nanoseconds (ns)

=========================================================================
Timing constraint: Default period analysis for Clock 'Clk'
  Clock period: 5.267ns (frequency: 189.854MHz)
  Total number of paths / destination ports: 531 / 35
-------------------------------------------------------------------------
Delay:               5.267ns (Levels of Logic = 4)
  Source:            SSD/controlU/counterU/count_15 (FF)
  Destination:       SSD/controlU/counterU/count_0 (FF)
  Source Clock:      Clk rising
  Destination Clock: Clk rising

  Data Path: SSD/controlU/counterU/count_15 to SSD/controlU/counterU/count_0
                                Gate     Net
    Cell:in->out      fanout   Delay   Delay  Logical Name (Net Name)
    ----------------------------------------  ------------
     FDC:C->Q              2   0.514   0.532  SSD/controlU/counterU/count_15 (SSD/controlU/counterU/count_15)
     LUT4_L:I0->LO         1   0.612   0.103  SSD/controlU/counterU/count_cmp_eq00001_SW0 (N4)
     LUT4:I3->O            3   0.612   0.454  SSD/controlU/counterU/count_cmp_eq00001 (SSD/controlU/AeqBOut)
     LUT4_D:I3->O         16   0.612   0.948  SSD/controlU/counterU/count_cmp_eq000046 (SSD/controlU/counterU/count_cmp_eq0000)
     LUT2:I1->O            1   0.612   0.000  SSD/controlU/counterU/Mcount_count_eqn_01 (SSD/controlU/counterU/Mcount_count_eqn_0)
     FDC:D                     0.268          SSD/controlU/counterU/count_0
    ----------------------------------------
    Total                      5.267ns (3.230ns logic, 2.037ns route)
                                       (61.3% logic, 38.7% route)

=========================================================================
Timing constraint: Default OFFSET IN BEFORE for Clock 'Clk'
  Total number of paths / destination ports: 10 / 9
-------------------------------------------------------------------------
Offset:              3.368ns (Levels of Logic = 3)
  Source:            Rst (PAD)
  Destination:       Stack/TOS/count_4 (FF)
  Destination Clock: Clk rising

  Data Path: Rst to Stack/TOS/count_4
                                Gate     Net
    Cell:in->out      fanout   Delay   Delay  Logical Name (Net Name)
    ----------------------------------------  ------------
     IBUF:I->O            36   1.106   1.104  Rst_IBUF (Rst_IBUF)
     LUT4:I2->O            1   0.612   0.000  Stack/TOS/count_Q_mux0000<4>4167_F (N12)
     MUXF5:I0->O           1   0.278   0.000  Stack/TOS/count_Q_mux0000<4>4167 (Stack/TOS/count_Q_mux0000<4>)
     FDCPE:D                   0.268          Stack/TOS/count_4
    ----------------------------------------
    Total                      3.368ns (2.264ns logic, 1.104ns route)
                                       (67.2% logic, 32.8% route)

=========================================================================
Timing constraint: Default OFFSET OUT AFTER for Clock 'Clk'
  Total number of paths / destination ports: 43 / 17
-------------------------------------------------------------------------
Offset:              5.644ns (Levels of Logic = 2)
  Source:            Stack/FSMU/currentS_FSM_FFd1 (FF)
  Destination:       DataOut<6> (PAD)
  Source Clock:      Clk rising

  Data Path: Stack/FSMU/currentS_FSM_FFd1 to DataOut<6>
                                Gate     Net
    Cell:in->out      fanout   Delay   Delay  Logical Name (Net Name)
    ----------------------------------------  ------------
     FDC:C->Q             12   0.514   0.969  Stack/FSMU/currentS_FSM_FFd1 (Stack/FSMU/currentS_FSM_FFd1)
     LUT4:I0->O            2   0.612   0.380  DataOut<6>1 (DataOut_6_OBUF)
     OBUF:I->O                 3.169          DataOut_6_OBUF (DataOut<6>)
    ----------------------------------------
    Total                      5.644ns (4.295ns logic, 1.349ns route)
                                       (76.1% logic, 23.9% route)

=========================================================================
Timing constraint: Default path analysis
  Total number of paths / destination ports: 17 / 17
-------------------------------------------------------------------------
Delay:               3.526ns (Levels of Logic = 1)
  Source:            Stack/MemoryU:douta<7> (PAD)
  Destination:       Num_Out<7> (PAD)

  Data Path: Stack/MemoryU:douta<7> to Num_Out<7>
                                Gate     Net
    Cell:in->out      fanout   Delay   Delay  Logical Name (Net Name)
    ----------------------------------------  ------------
    MemoryStack:douta<7>    1   0.000   0.357  Stack/MemoryU (Num_Out_7_OBUF)
     OBUF:I->O                 3.169          Num_Out_7_OBUF (Num_Out<7>)
    ----------------------------------------
    Total                      3.526ns (3.169ns logic, 0.357ns route)
                                       (89.9% logic, 10.1% route)

=========================================================================


Total REAL time to Xst completion: 6.00 secs
Total CPU time to Xst completion: 6.39 secs
 
--> 

Total memory usage is 258068 kilobytes

Number of errors   :    0 (   0 filtered)
Number of warnings :   32 (   0 filtered)
Number of infos    :    0 (   0 filtered)

