Release 13.4 - xst O.87xd (nt64)
Copyright (c) 1995-2011 Xilinx, Inc.  All rights reserved.
--> Parameter TMPDIR set to xst/projnav.tmp


Total REAL time to Xst completion: 0.00 secs
Total CPU time to Xst completion: 0.71 secs
 
--> Parameter xsthdpdir set to xst


Total REAL time to Xst completion: 0.00 secs
Total CPU time to Xst completion: 0.71 secs
 
--> Reading design: CLA4.prj

TABLE OF CONTENTS
  1) Synthesis Options Summary
  2) HDL Compilation
  3) Design Hierarchy Analysis
  4) HDL Analysis
  5) HDL Synthesis
     5.1) HDL Synthesis Report
  6) Advanced HDL Synthesis
     6.1) Advanced HDL Synthesis Report
  7) Low Level Synthesis
  8) Partition Report
  9) Final Report
	9.1) Device utilization summary
	9.2) Partition Resource Summary
	9.3) TIMING REPORT


=========================================================================
*                      Synthesis Options Summary                        *
=========================================================================
---- Source Parameters
Input File Name                    : "CLA4.prj"
Input Format                       : mixed
Ignore Synthesis Constraint File   : NO

---- Target Parameters
Output File Name                   : "CLA4"
Output Format                      : NGC
Target Device                      : xc3s100e-5-cp132

---- Source Options
Top Module Name                    : CLA4
Automatic FSM Extraction           : YES
FSM Encoding Algorithm             : Auto
Safe Implementation                : No
FSM Style                          : LUT
RAM Extraction                     : Yes
RAM Style                          : Auto
ROM Extraction                     : Yes
Mux Style                          : Auto
Decoder Extraction                 : YES
Priority Encoder Extraction        : Yes
Shift Register Extraction          : YES
Logical Shifter Extraction         : YES
XOR Collapsing                     : YES
ROM Style                          : Auto
Mux Extraction                     : Yes
Resource Sharing                   : YES
Asynchronous To Synchronous        : NO
Multiplier Style                   : Auto
Automatic Register Balancing       : No

---- Target Options
Add IO Buffers                     : YES
Global Maximum Fanout              : 100000
Add Generic Clock Buffer(BUFG)     : 24
Register Duplication               : YES
Slice Packing                      : YES
Optimize Instantiated Primitives   : NO
Use Clock Enable                   : Yes
Use Synchronous Set                : Yes
Use Synchronous Reset              : Yes
Pack IO Registers into IOBs        : Auto
Equivalent register Removal        : YES

---- General Options
Optimization Goal                  : Speed
Optimization Effort                : 1
Keep Hierarchy                     : No
Netlist Hierarchy                  : As_Optimized
RTL Output                         : Yes
Global Optimization                : AllClockNets
Read Cores                         : YES
Write Timing Constraints           : NO
Cross Clock Analysis               : NO
Hierarchy Separator                : /
Bus Delimiter                      : <>
Case Specifier                     : Maintain
Slice Utilization Ratio            : 100
BRAM Utilization Ratio             : 100
Verilog 2001                       : YES
Auto BRAM Packing                  : NO
Slice Utilization Ratio Delta      : 5

=========================================================================


=========================================================================
*                          HDL Compilation                              *
=========================================================================
Compiling vhdl file "D:/Dropbox/ece/Spring_2017/Advanced Digital Design/Lab/Lab2/lab2circuit1/OrGate.vhd" in Library work.
Architecture behavioral of Entity orgate is up to date.
Compiling vhdl file "D:/Dropbox/ece/Spring_2017/Advanced Digital Design/Lab/Lab2/lab2circuit1/AndGate.vhd" in Library work.
Entity <AndGate> compiled.
Entity <AndGate> (Architecture <Behavioral>) compiled.
Compiling vhdl file "D:/Dropbox/ece/Spring_2017/Advanced Digital Design/Lab/Lab2/lab2circuit1/XorGate.vhd" in Library work.
Architecture behavioral of Entity xorgate is up to date.
Compiling vhdl file "D:/Dropbox/ece/Spring_2017/Advanced Digital Design/Lab/Lab2/lab2circuit1/Or4Gate.vhd" in Library work.
Architecture structural of Entity or4gate is up to date.
Compiling vhdl file "D:/Dropbox/ece/Spring_2017/Advanced Digital Design/Lab/Lab2/lab2circuit1/And4Gate.vhd" in Library work.
Architecture structural of Entity and4gate is up to date.
Compiling vhdl file "D:/Dropbox/ece/Spring_2017/Advanced Digital Design/Lab/Lab2/lab2circuit1/Xor3Gate.vhd" in Library work.
Architecture structural of Entity xor3gate is up to date.
ERROR:HDLParsers - Cannot rename dependency database for library "work", file is "xst/work/hdpdeps.ref", Temporary database file "D:\Dropbox\ece\Spring_2017\Advanced Digital Design\Lab\Lab2\lab2circuit1\xst\work\xil_6360_12" will remain.  System error message is:  File exists
Compiling vhdl file "D:/Dropbox/ece/Spring_2017/Advanced Digital Design/Lab/Lab2/lab2circuit1/And3Gate.vhd" in Library work.
Architecture structural of Entity and3gate is up to date.
Compiling vhdl file "D:/Dropbox/ece/Spring_2017/Advanced Digital Design/Lab/Lab2/lab2circuit1/And5Gate.vhd" in Library work.
Architecture structural of Entity and5gate is up to date.
Compiling vhdl file "D:/Dropbox/ece/Spring_2017/Advanced Digital Design/Lab/Lab2/lab2circuit1/Or3Gate.vhd" in Library work.
Architecture structural of Entity or3gate is up to date.
ERROR:HDLParsers - Cannot rename dependency database for library "work", file is "xst/work/hdpdeps.ref", Temporary database file "D:\Dropbox\ece\Spring_2017\Advanced Digital Design\Lab\Lab2\lab2circuit1\xst\work\xil_6360_15" will remain.  System error message is:  File exists
Compiling vhdl file "D:/Dropbox/ece/Spring_2017/Advanced Digital Design/Lab/Lab2/lab2circuit1/Or5Gate.vhd" in Library work.
Architecture structural of Entity or5gate is up to date.
Compiling vhdl file "D:/Dropbox/ece/Spring_2017/Advanced Digital Design/Lab/Lab2/lab2circuit1/CarryGP.vhd" in Library work.
Architecture structural of Entity carrygp is up to date.
Compiling vhdl file "D:/Dropbox/ece/Spring_2017/Advanced Digital Design/Lab/Lab2/lab2circuit1/CarryLA.vhd" in Library work.
Architecture structural of Entity carryla is up to date.
Compiling vhdl file "D:/Dropbox/ece/Spring_2017/Advanced Digital Design/Lab/Lab2/lab2circuit1/Sum.vhd" in Library work.
Architecture structural of Entity sum is up to date.
Compiling vhdl file "D:/Dropbox/ece/Spring_2017/Advanced Digital Design/Lab/Lab2/lab2circuit1/CLA4.vhd" in Library work.
Architecture structural of Entity cla4 is up to date.

=========================================================================
*                     Design Hierarchy Analysis                         *
=========================================================================
Analyzing hierarchy for entity <CLA4> in library <work> (architecture <structural>).

Analyzing hierarchy for entity <CarryGP> in library <work> (architecture <structural>).

Analyzing hierarchy for entity <CarryLA> in library <work> (architecture <structural>).

Analyzing hierarchy for entity <Sum> in library <work> (architecture <structural>).

Analyzing hierarchy for entity <XorGate> in library <work> (architecture <behavioral>).

Analyzing hierarchy for entity <AndGate> in library <work> (architecture <Behavioral>).

Analyzing hierarchy for entity <And3Gate> in library <work> (architecture <structural>).

Analyzing hierarchy for entity <And4Gate> in library <work> (architecture <structural>).

Analyzing hierarchy for entity <And5Gate> in library <work> (architecture <structural>).

Analyzing hierarchy for entity <OrGate> in library <work> (architecture <behavioral>).

Analyzing hierarchy for entity <Or3Gate> in library <work> (architecture <structural>).

Analyzing hierarchy for entity <Or4Gate> in library <work> (architecture <structural>).

Analyzing hierarchy for entity <Or5Gate> in library <work> (architecture <structural>).

Analyzing hierarchy for entity <Xor3Gate> in library <work> (architecture <structural>).

Analyzing hierarchy for entity <AndGate> in library <work> (architecture <Behavioral>).

Analyzing hierarchy for entity <And4Gate> in library <work> (architecture <structural>).

Analyzing hierarchy for entity <OrGate> in library <work> (architecture <behavioral>).

Analyzing hierarchy for entity <Or4Gate> in library <work> (architecture <structural>).

Analyzing hierarchy for entity <XorGate> in library <work> (architecture <behavioral>).

Analyzing hierarchy for entity <AndGate> in library <work> (architecture <Behavioral>).

Analyzing hierarchy for entity <AndGate> in library <work> (architecture <Behavioral>).

Analyzing hierarchy for entity <AndGate> in library <work> (architecture <Behavioral>).

Analyzing hierarchy for entity <OrGate> in library <work> (architecture <behavioral>).


=========================================================================
*                            HDL Analysis                               *
=========================================================================
Analyzing Entity <CLA4> in library <work> (Architecture <structural>).
Entity <CLA4> analyzed. Unit <CLA4> generated.

Analyzing Entity <CarryGP> in library <work> (Architecture <structural>).
Entity <CarryGP> analyzed. Unit <CarryGP> generated.

Analyzing Entity <XorGate> in library <work> (Architecture <behavioral>).
Entity <XorGate> analyzed. Unit <XorGate> generated.

Analyzing Entity <AndGate> in library <work> (Architecture <Behavioral>).
Entity <AndGate> analyzed. Unit <AndGate> generated.

Analyzing Entity <CarryLA> in library <work> (Architecture <structural>).
Entity <CarryLA> analyzed. Unit <CarryLA> generated.

Analyzing Entity <And3Gate> in library <work> (Architecture <structural>).
Entity <And3Gate> analyzed. Unit <And3Gate> generated.

Analyzing Entity <And4Gate> in library <work> (Architecture <structural>).
Entity <And4Gate> analyzed. Unit <And4Gate> generated.

Analyzing Entity <And5Gate> in library <work> (Architecture <structural>).
Entity <And5Gate> analyzed. Unit <And5Gate> generated.

Analyzing Entity <OrGate> in library <work> (Architecture <behavioral>).
Entity <OrGate> analyzed. Unit <OrGate> generated.

Analyzing Entity <Or3Gate> in library <work> (Architecture <structural>).
Entity <Or3Gate> analyzed. Unit <Or3Gate> generated.

Analyzing Entity <Or4Gate> in library <work> (Architecture <structural>).
Entity <Or4Gate> analyzed. Unit <Or4Gate> generated.

Analyzing Entity <Or5Gate> in library <work> (Architecture <structural>).
Entity <Or5Gate> analyzed. Unit <Or5Gate> generated.

Analyzing Entity <Sum> in library <work> (Architecture <structural>).
Entity <Sum> analyzed. Unit <Sum> generated.

Analyzing Entity <Xor3Gate> in library <work> (Architecture <structural>).
Entity <Xor3Gate> analyzed. Unit <Xor3Gate> generated.


=========================================================================
*                           HDL Synthesis                               *
=========================================================================

Performing bidirectional port resolution...

Synthesizing Unit <XorGate>.
    Related source file is "D:/Dropbox/ece/Spring_2017/Advanced Digital Design/Lab/Lab2/lab2circuit1/XorGate.vhd".
    Found 1-bit xor2 for signal <Out0>.
Unit <XorGate> synthesized.


Synthesizing Unit <AndGate>.
    Related source file is "D:/Dropbox/ece/Spring_2017/Advanced Digital Design/Lab/Lab2/lab2circuit1/AndGate.vhd".
Unit <AndGate> synthesized.


Synthesizing Unit <OrGate>.
    Related source file is "D:/Dropbox/ece/Spring_2017/Advanced Digital Design/Lab/Lab2/lab2circuit1/OrGate.vhd".
Unit <OrGate> synthesized.


Synthesizing Unit <CarryGP>.
    Related source file is "D:/Dropbox/ece/Spring_2017/Advanced Digital Design/Lab/Lab2/lab2circuit1/CarryGP.vhd".
Unit <CarryGP> synthesized.


Synthesizing Unit <And3Gate>.
    Related source file is "D:/Dropbox/ece/Spring_2017/Advanced Digital Design/Lab/Lab2/lab2circuit1/And3Gate.vhd".
Unit <And3Gate> synthesized.


Synthesizing Unit <And4Gate>.
    Related source file is "D:/Dropbox/ece/Spring_2017/Advanced Digital Design/Lab/Lab2/lab2circuit1/And4Gate.vhd".
Unit <And4Gate> synthesized.


Synthesizing Unit <Or3Gate>.
    Related source file is "D:/Dropbox/ece/Spring_2017/Advanced Digital Design/Lab/Lab2/lab2circuit1/Or3Gate.vhd".
Unit <Or3Gate> synthesized.


Synthesizing Unit <Or4Gate>.
    Related source file is "D:/Dropbox/ece/Spring_2017/Advanced Digital Design/Lab/Lab2/lab2circuit1/Or4Gate.vhd".
Unit <Or4Gate> synthesized.


Synthesizing Unit <Xor3Gate>.
    Related source file is "D:/Dropbox/ece/Spring_2017/Advanced Digital Design/Lab/Lab2/lab2circuit1/Xor3Gate.vhd".
Unit <Xor3Gate> synthesized.


Synthesizing Unit <Sum>.
    Related source file is "D:/Dropbox/ece/Spring_2017/Advanced Digital Design/Lab/Lab2/lab2circuit1/Sum.vhd".
Unit <Sum> synthesized.


Synthesizing Unit <And5Gate>.
    Related source file is "D:/Dropbox/ece/Spring_2017/Advanced Digital Design/Lab/Lab2/lab2circuit1/And5Gate.vhd".
Unit <And5Gate> synthesized.


Synthesizing Unit <Or5Gate>.
    Related source file is "D:/Dropbox/ece/Spring_2017/Advanced Digital Design/Lab/Lab2/lab2circuit1/Or5Gate.vhd".
Unit <Or5Gate> synthesized.


Synthesizing Unit <CarryLA>.
    Related source file is "D:/Dropbox/ece/Spring_2017/Advanced Digital Design/Lab/Lab2/lab2circuit1/CarryLA.vhd".
Unit <CarryLA> synthesized.


Synthesizing Unit <CLA4>.
    Related source file is "D:/Dropbox/ece/Spring_2017/Advanced Digital Design/Lab/Lab2/lab2circuit1/CLA4.vhd".
Unit <CLA4> synthesized.


=========================================================================
HDL Synthesis Report

Macro Statistics
# Xors                                                 : 12
 1-bit xor2                                            : 12

=========================================================================

=========================================================================
*                       Advanced HDL Synthesis                          *
=========================================================================


=========================================================================
Advanced HDL Synthesis Report

Macro Statistics
# Xors                                                 : 12
 1-bit xor2                                            : 12

=========================================================================

=========================================================================
*                         Low Level Synthesis                           *
=========================================================================

Optimizing unit <CLA4> ...

Mapping all equations...
Building and optimizing final netlist ...
Found area constraint ratio of 100 (+ 5) on block CLA4, actual ratio is 0.

Final Macro Processing ...

=========================================================================
Final Register Report

Found no macro
=========================================================================

=========================================================================
*                           Partition Report                            *
=========================================================================

Partition Implementation Status
-------------------------------

  No Partitions were found in this design.

-------------------------------

=========================================================================
*                            Final Report                               *
=========================================================================
Final Results
RTL Top Level Output File Name     : CLA4.ngr
Top Level Output File Name         : CLA4
Output Format                      : NGC
Optimization Goal                  : Speed
Keep Hierarchy                     : No

Design Statistics
# IOs                              : 14

Cell Usage :
# BELS                             : 8
#      LUT3                        : 8
# IO Buffers                       : 14
#      IBUF                        : 9
#      OBUF                        : 5
=========================================================================

Device utilization summary:
---------------------------

Selected Device : 3s100ecp132-5 

 Number of Slices:                        4  out of    960     0%  
 Number of 4 input LUTs:                  8  out of   1920     0%  
 Number of IOs:                          14
 Number of bonded IOBs:                  14  out of     83    16%  

---------------------------
Partition Resource Summary:
---------------------------

  No Partitions were found in this design.

---------------------------


=========================================================================
TIMING REPORT

NOTE: THESE TIMING NUMBERS ARE ONLY A SYNTHESIS ESTIMATE.
      FOR ACCURATE TIMING INFORMATION PLEASE REFER TO THE TRACE REPORT
      GENERATED AFTER PLACE-and-ROUTE.

Clock Information:
------------------
No clock signals found in this design

Asynchronous Control Signals Information:
----------------------------------------
No asynchronous control signals found in this design

Timing Summary:
---------------
Speed Grade: -5

   Minimum period: No path found
   Minimum input arrival time before clock: No path found
   Maximum output required time after clock: No path found
   Maximum combinational path delay: 8.881ns

Timing Detail:
--------------
All values displayed in nanoseconds (ns)

=========================================================================
Timing constraint: Default path analysis
  Total number of paths / destination ports: 33 / 5
-------------------------------------------------------------------------
Delay:               8.881ns (Levels of Logic = 6)
  Source:            B<0> (PAD)
  Destination:       C_3 (PAD)

  Data Path: B<0> to C_3
                                Gate     Net
    Cell:in->out      fanout   Delay   Delay  Logical Name (Net Name)
    ----------------------------------------  ------------
     IBUF:I->O             2   1.106   0.532  B_0_IBUF (B_0_IBUF)
     LUT3:I0->O            2   0.612   0.410  SumULoop[1].SumU/Xor3U/XorU1/Mxor_Out0_Result11 (N11)
     LUT3:I2->O            2   0.612   0.449  CLAU/Or5U/OrU/Out011 (N01)
     LUT3:I1->O            2   0.612   0.410  CLAU/Or4U/OrU1/Out01 (C<2>)
     LUT3:I2->O            1   0.612   0.357  CLAU/Or5U/OrU/Out01 (C_3_OBUF)
     OBUF:I->O                 3.169          C_3_OBUF (C_3)
    ----------------------------------------
    Total                      8.881ns (6.723ns logic, 2.158ns route)
                                       (75.7% logic, 24.3% route)

=========================================================================


Total REAL time to Xst completion: 7.00 secs
Total CPU time to Xst completion: 7.44 secs
 
--> 

Total memory usage is 251348 kilobytes

Number of errors   :    2 (   0 filtered)
Number of warnings :    0 (   0 filtered)
Number of infos    :    0 (   0 filtered)

