Release 13.4 - xst O.87xd (nt64)
Copyright (c) 1995-2011 Xilinx, Inc.  All rights reserved.
--> Parameter TMPDIR set to xst/projnav.tmp


Total REAL time to Xst completion: 0.00 secs
Total CPU time to Xst completion: 0.15 secs
 
--> Parameter xsthdpdir set to xst


Total REAL time to Xst completion: 0.00 secs
Total CPU time to Xst completion: 0.15 secs
 
--> Reading design: Lab3Top.prj

TABLE OF CONTENTS
  1) Synthesis Options Summary
  2) HDL Compilation
  3) Design Hierarchy Analysis
  4) HDL Analysis
  5) HDL Synthesis
     5.1) HDL Synthesis Report
  6) Advanced HDL Synthesis
     6.1) Advanced HDL Synthesis Report
  7) Low Level Synthesis
  8) Partition Report
  9) Final Report
	9.1) Device utilization summary
	9.2) Partition Resource Summary
	9.3) TIMING REPORT


=========================================================================
*                      Synthesis Options Summary                        *
=========================================================================
---- Source Parameters
Input File Name                    : "Lab3Top.prj"
Input Format                       : mixed
Ignore Synthesis Constraint File   : NO

---- Target Parameters
Output File Name                   : "Lab3Top"
Output Format                      : NGC
Target Device                      : xc3s100e-5-cp132

---- Source Options
Top Module Name                    : Lab3Top
Automatic FSM Extraction           : YES
FSM Encoding Algorithm             : Auto
Safe Implementation                : No
FSM Style                          : LUT
RAM Extraction                     : Yes
RAM Style                          : Auto
ROM Extraction                     : Yes
Mux Style                          : Auto
Decoder Extraction                 : YES
Priority Encoder Extraction        : Yes
Shift Register Extraction          : YES
Logical Shifter Extraction         : YES
XOR Collapsing                     : YES
ROM Style                          : Auto
Mux Extraction                     : Yes
Resource Sharing                   : YES
Asynchronous To Synchronous        : NO
Multiplier Style                   : Auto
Automatic Register Balancing       : No

---- Target Options
Add IO Buffers                     : YES
Global Maximum Fanout              : 100000
Add Generic Clock Buffer(BUFG)     : 24
Register Duplication               : YES
Slice Packing                      : YES
Optimize Instantiated Primitives   : NO
Use Clock Enable                   : Yes
Use Synchronous Set                : Yes
Use Synchronous Reset              : Yes
Pack IO Registers into IOBs        : Auto
Equivalent register Removal        : YES

---- General Options
Optimization Goal                  : Speed
Optimization Effort                : 1
Keep Hierarchy                     : No
Netlist Hierarchy                  : As_Optimized
RTL Output                         : Yes
Global Optimization                : AllClockNets
Read Cores                         : YES
Write Timing Constraints           : NO
Cross Clock Analysis               : NO
Hierarchy Separator                : /
Bus Delimiter                      : <>
Case Specifier                     : Maintain
Slice Utilization Ratio            : 100
BRAM Utilization Ratio             : 100
Verilog 2001                       : YES
Auto BRAM Packing                  : NO
Slice Utilization Ratio Delta      : 5

=========================================================================


=========================================================================
*                          HDL Compilation                              *
=========================================================================
Compiling vhdl file "D:/Dropbox/ece/Spring_2017/Advanced Digital Design/Lab/Lab4/lab4new/AndGate.vhd" in Library work.
Architecture behavioral of Entity andgate is up to date.
Compiling vhdl file "D:/Dropbox/ece/Spring_2017/Advanced Digital Design/Lab/Lab4/lab4new/mux.vhd" in Library work.
Architecture behavioral of Entity mux is up to date.
Compiling vhdl file "D:/Dropbox/ece/Spring_2017/Advanced Digital Design/Lab/Lab4/lab4new/And4Gate.vhd" in Library work.
Architecture structural of Entity and4gate is up to date.
Compiling vhdl file "D:/Dropbox/ece/Spring_2017/Advanced Digital Design/Lab/Lab4/lab4new/mux4x1.vhd" in Library work.
Architecture structural of Entity mux4x1 is up to date.
Compiling vhdl file "D:/Dropbox/ece/Spring_2017/Advanced Digital Design/Lab/Lab4/lab4new/XnorGate.vhd" in Library work.
Architecture behavioral of Entity xnorgate is up to date.
Compiling vhdl file "D:/Dropbox/ece/Spring_2017/Advanced Digital Design/Lab/Lab4/lab4new/And8Gate.vhd" in Library work.
Architecture structural of Entity and8gate is up to date.
Compiling vhdl file "D:/Dropbox/ece/Spring_2017/Advanced Digital Design/Lab/Lab4/lab4new/FSMStack.vhd" in Library work.
Architecture behavioral of Entity fsmstack is up to date.
Compiling vhdl file "D:/Dropbox/ece/Spring_2017/Advanced Digital Design/Lab/Lab4/lab4new/FSM_UN_SWAP.vhd" in Library work.
Architecture behavioral of Entity fsm_un_swap is up to date.
Compiling vhdl file "D:/Dropbox/ece/Spring_2017/Advanced Digital Design/Lab/Lab4/lab4new/FSMMode1.vhd" in Library work.
Architecture behavioral of Entity fsm_add_sub is up to date.
Compiling vhdl file "D:/Dropbox/ece/Spring_2017/Advanced Digital Design/Lab/Lab4/lab4new/Decoder2to32.vhd" in Library work.
Architecture behavioral of Entity decoder4to32 is up to date.
Compiling vhdl file "D:/Dropbox/ece/Spring_2017/Advanced Digital Design/Lab/Lab4/lab4new/mux32x8.vhd" in Library work.
Architecture structural of Entity mux32x8 is up to date.
Compiling vhdl file "D:/Dropbox/ece/Spring_2017/Advanced Digital Design/Lab/Lab4/lab4new/mux16x4.vhd" in Library work.
Architecture structural of Entity mux16x4 is up to date.
ERROR:HDLParsers - Cannot rename dependency database for library "work", file is "xst/work/hdpdeps.ref", Temporary database file "D:\Dropbox\ece\Spring_2017\Advanced Digital Design\Lab\Lab4\lab4new\xst\work\xil_5292_18" will remain.  System error message is:  File exists
Compiling vhdl file "D:/Dropbox/ece/Spring_2017/Advanced Digital Design/Lab/Lab4/lab4new/FSMssd.vhd" in Library work.
Architecture behavioral of Entity fsmssd is up to date.
Compiling vhdl file "D:/Dropbox/ece/Spring_2017/Advanced Digital Design/Lab/Lab4/lab4new/Counter125K.vhd" in Library work.
Architecture behavioral of Entity counter125k is up to date.
Compiling vhdl file "D:/Dropbox/ece/Spring_2017/Advanced Digital Design/Lab/Lab4/lab4new/EqualComp7.vhd" in Library work.
Architecture structural of Entity equalcomp7 is up to date.
Compiling vhdl file "D:/Dropbox/ece/Spring_2017/Advanced Digital Design/Lab/Lab4/lab4new/singlepulsegen.vhd" in Library work.
Architecture behavioral of Entity singlepulsegen is up to date.
Compiling vhdl file "D:/Dropbox/ece/Spring_2017/Advanced Digital Design/Lab/Lab4/lab4new/FSMTop.vhd" in Library work.
Architecture structural of Entity fsmtop is up to date.
Compiling vhdl file "D:/Dropbox/ece/Spring_2017/Advanced Digital Design/Lab/Lab4/lab4new/FSM_Mode.vhd" in Library work.
Architecture behavioral of Entity fsm_mode is up to date.
Compiling vhdl file "D:/Dropbox/ece/Spring_2017/Advanced Digital Design/Lab/Lab4/lab4new/EqualComp5.vhd" in Library work.
Architecture structural of Entity equalcomp5 is up to date.
Compiling vhdl file "D:/Dropbox/ece/Spring_2017/Advanced Digital Design/Lab/Lab4/lab4new/Counter5bit.vhd" in Library work.
Architecture behavioral of Entity counter5bit is up to date.
Compiling vhdl file "D:/Dropbox/ece/Spring_2017/Advanced Digital Design/Lab/Lab4/lab4new/MemoryStack.vhd" in Library work.
Architecture memorystack_a of Entity memorystack is up to date.
Compiling vhdl file "D:/Dropbox/ece/Spring_2017/Advanced Digital Design/Lab/Lab4/lab4new/SSDControl.vhd" in Library work.
Architecture structural of Entity ssdcontrol is up to date.
Compiling vhdl file "D:/Dropbox/ece/Spring_2017/Advanced Digital Design/Lab/Lab4/lab4new/SSDData.vhd" in Library work.
Architecture structural of Entity ssddata is up to date.
Compiling vhdl file "D:/Dropbox/ece/Spring_2017/Advanced Digital Design/Lab/Lab4/lab4new/SSDCircuit.vhd" in Library work.
Architecture structural of Entity ssdcircuit is up to date.
Compiling vhdl file "D:/Dropbox/ece/Spring_2017/Advanced Digital Design/Lab/Lab4/lab4new/StackCircuit.vhd" in Library work.
Architecture structural of Entity stackcircuit is up to date.
Compiling vhdl file "D:/Dropbox/ece/Spring_2017/Advanced Digital Design/Lab/Lab4/lab4new/Lab3Top.vhd" in Library work.
Architecture behavioral of Entity lab3top is up to date.

=========================================================================
*                     Design Hierarchy Analysis                         *
=========================================================================
Analyzing hierarchy for entity <Lab3Top> in library <work> (architecture <behavioral>).

Analyzing hierarchy for entity <SSDCircuit> in library <work> (architecture <structural>).

Analyzing hierarchy for entity <StackCircuit> in library <work> (architecture <structural>).

Analyzing hierarchy for entity <SSDControl> in library <work> (architecture <structural>).

Analyzing hierarchy for entity <SSDData> in library <work> (architecture <structural>).

Analyzing hierarchy for entity <singlepulsegen> in library <work> (architecture <behavioral>).

Analyzing hierarchy for entity <FSMTop> in library <work> (architecture <structural>).

Analyzing hierarchy for entity <FSM_Mode> in library <work> (architecture <behavioral>).

Analyzing hierarchy for entity <EqualComp5> in library <work> (architecture <structural>).

Analyzing hierarchy for entity <Counter5bit> in library <work> (architecture <behavioral>).

Analyzing hierarchy for entity <mux16x4> in library <work> (architecture <structural>).

Analyzing hierarchy for entity <FSMssd> in library <work> (architecture <behavioral>).

Analyzing hierarchy for entity <Counter125K> in library <work> (architecture <behavioral>).

Analyzing hierarchy for entity <EqualComp7> in library <work> (architecture <structural>).

Analyzing hierarchy for entity <Decoder4to32> in library <work> (architecture <behavioral>).

Analyzing hierarchy for entity <mux32x8> in library <work> (architecture <structural>).

Analyzing hierarchy for entity <FSMStack> in library <work> (architecture <behavioral>).

Analyzing hierarchy for entity <FSM_Un_Swap> in library <work> (architecture <behavioral>).

Analyzing hierarchy for entity <FSM_Add_Sub> in library <work> (architecture <behavioral>).

Analyzing hierarchy for entity <mux4x1> in library <work> (architecture <structural>).

Analyzing hierarchy for entity <XnorGate> in library <work> (architecture <behavioral>).

Analyzing hierarchy for entity <And8Gate> in library <work> (architecture <structural>).

Analyzing hierarchy for entity <mux> in library <work> (architecture <behavioral>).

Analyzing hierarchy for entity <And4Gate> in library <work> (architecture <structural>).

Analyzing hierarchy for entity <AndGate> in library <work> (architecture <behavioral>).


=========================================================================
*                            HDL Analysis                               *
=========================================================================
Analyzing Entity <Lab3Top> in library <work> (Architecture <behavioral>).
Entity <Lab3Top> analyzed. Unit <Lab3Top> generated.

Analyzing Entity <SSDCircuit> in library <work> (Architecture <structural>).
Entity <SSDCircuit> analyzed. Unit <SSDCircuit> generated.

Analyzing Entity <SSDControl> in library <work> (Architecture <structural>).
WARNING:Xst:753 - "D:/Dropbox/ece/Spring_2017/Advanced Digital Design/Lab/Lab4/lab4new/SSDControl.vhd" line 88: Unconnected output port 'RC' of component 'Counter125K'.
Entity <SSDControl> analyzed. Unit <SSDControl> generated.

Analyzing Entity <mux16x4> in library <work> (Architecture <structural>).
Entity <mux16x4> analyzed. Unit <mux16x4> generated.

Analyzing Entity <mux4x1> in library <work> (Architecture <structural>).
Entity <mux4x1> analyzed. Unit <mux4x1> generated.

Analyzing Entity <mux> in library <work> (Architecture <behavioral>).
Entity <mux> analyzed. Unit <mux> generated.

Analyzing Entity <FSMssd> in library <work> (Architecture <behavioral>).
Entity <FSMssd> analyzed. Unit <FSMssd> generated.

Analyzing Entity <Counter125K> in library <work> (Architecture <behavioral>).
Entity <Counter125K> analyzed. Unit <Counter125K> generated.

Analyzing Entity <EqualComp7> in library <work> (Architecture <structural>).
Entity <EqualComp7> analyzed. Unit <EqualComp7> generated.

Analyzing Entity <XnorGate> in library <work> (Architecture <behavioral>).
Entity <XnorGate> analyzed. Unit <XnorGate> generated.

Analyzing Entity <And8Gate> in library <work> (Architecture <structural>).
Entity <And8Gate> analyzed. Unit <And8Gate> generated.

Analyzing Entity <And4Gate> in library <work> (Architecture <structural>).
Entity <And4Gate> analyzed. Unit <And4Gate> generated.

Analyzing Entity <AndGate> in library <work> (Architecture <behavioral>).
Entity <AndGate> analyzed. Unit <AndGate> generated.

Analyzing Entity <SSDData> in library <work> (Architecture <structural>).
Entity <SSDData> analyzed. Unit <SSDData> generated.

Analyzing Entity <Decoder4to32> in library <work> (Architecture <behavioral>).
Entity <Decoder4to32> analyzed. Unit <Decoder4to32> generated.

Analyzing Entity <mux32x8> in library <work> (Architecture <structural>).
Entity <mux32x8> analyzed. Unit <mux32x8> generated.

Analyzing Entity <StackCircuit> in library <work> (Architecture <structural>).
WARNING:Xst:2211 - "D:/Dropbox/ece/Spring_2017/Advanced Digital Design/Lab/Lab4/lab4new/StackCircuit.vhd" line 159: Instantiating black box module <MemoryStack>.
Entity <StackCircuit> analyzed. Unit <StackCircuit> generated.

Analyzing Entity <singlepulsegen> in library <work> (Architecture <behavioral>).
Entity <singlepulsegen> analyzed. Unit <singlepulsegen> generated.

Analyzing Entity <FSMTop> in library <work> (Architecture <structural>).
Entity <FSMTop> analyzed. Unit <FSMTop> generated.

Analyzing Entity <FSMStack> in library <work> (Architecture <behavioral>).
Entity <FSMStack> analyzed. Unit <FSMStack> generated.

Analyzing Entity <FSM_Un_Swap> in library <work> (Architecture <behavioral>).
Entity <FSM_Un_Swap> analyzed. Unit <FSM_Un_Swap> generated.

Analyzing Entity <FSM_Add_Sub> in library <work> (Architecture <behavioral>).
Entity <FSM_Add_Sub> analyzed. Unit <FSM_Add_Sub> generated.

Analyzing Entity <FSM_Mode> in library <work> (Architecture <behavioral>).
Entity <FSM_Mode> analyzed. Unit <FSM_Mode> generated.

Analyzing Entity <EqualComp5> in library <work> (Architecture <structural>).
Entity <EqualComp5> analyzed. Unit <EqualComp5> generated.

Analyzing Entity <Counter5bit> in library <work> (Architecture <behavioral>).
Entity <Counter5bit> analyzed. Unit <Counter5bit> generated.


=========================================================================
*                           HDL Synthesis                               *
=========================================================================

Performing bidirectional port resolution...

Synthesizing Unit <FSMssd>.
    Related source file is "D:/Dropbox/ece/Spring_2017/Advanced Digital Design/Lab/Lab4/lab4new/FSMssd.vhd".
    Found finite state machine <FSM_0> for signal <currentS>.
    -----------------------------------------------------------------------
    | States             | 4                                              |
    | Transitions        | 8                                              |
    | Inputs             | 1                                              |
    | Outputs            | 2                                              |
    | Clock              | Clk                       (rising_edge)        |
    | Reset              | Rst                       (positive)           |
    | Reset type         | asynchronous                                   |
    | Reset State        | an3                                            |
    | Power Up State     | an3                                            |
    | Encoding           | automatic                                      |
    | Implementation     | LUT                                            |
    -----------------------------------------------------------------------
    Summary:
	inferred   1 Finite State Machine(s).
Unit <FSMssd> synthesized.


Synthesizing Unit <Counter125K>.
    Related source file is "D:/Dropbox/ece/Spring_2017/Advanced Digital Design/Lab/Lab4/lab4new/Counter125K.vhd".
    Found 1-bit register for signal <RC>.
    Found 17-bit up counter for signal <count>.
    Summary:
	inferred   1 Counter(s).
	inferred   1 D-type flip-flop(s).
Unit <Counter125K> synthesized.


Synthesizing Unit <mux>.
    Related source file is "D:/Dropbox/ece/Spring_2017/Advanced Digital Design/Lab/Lab4/lab4new/mux.vhd".
Unit <mux> synthesized.


Synthesizing Unit <XnorGate>.
    Related source file is "D:/Dropbox/ece/Spring_2017/Advanced Digital Design/Lab/Lab4/lab4new/XnorGate.vhd".
    Found 1-bit xor2 for signal <AeqB$xor0000>.
Unit <XnorGate> synthesized.


Synthesizing Unit <AndGate>.
    Related source file is "D:/Dropbox/ece/Spring_2017/Advanced Digital Design/Lab/Lab4/lab4new/AndGate.vhd".
Unit <AndGate> synthesized.


Synthesizing Unit <Decoder4to32>.
    Related source file is "D:/Dropbox/ece/Spring_2017/Advanced Digital Design/Lab/Lab4/lab4new/Decoder2to32.vhd".
    Found 16x32-bit ROM for signal <OutVec>.
    Summary:
	inferred   1 ROM(s).
Unit <Decoder4to32> synthesized.


Synthesizing Unit <singlepulsegen>.
    Related source file is "D:/Dropbox/ece/Spring_2017/Advanced Digital Design/Lab/Lab4/lab4new/singlepulsegen.vhd".
    Found finite state machine <FSM_1> for signal <currentS>.
    -----------------------------------------------------------------------
    | States             | 3                                              |
    | Transitions        | 5                                              |
    | Inputs             | 1                                              |
    | Outputs            | 1                                              |
    | Clock              | clk                       (rising_edge)        |
    | Reset              | rst                       (positive)           |
    | Reset type         | asynchronous                                   |
    | Reset State        | s0                                             |
    | Power Up State     | s0                                             |
    | Encoding           | automatic                                      |
    | Implementation     | LUT                                            |
    -----------------------------------------------------------------------
    Summary:
	inferred   1 Finite State Machine(s).
Unit <singlepulsegen> synthesized.


Synthesizing Unit <FSM_Mode>.
    Related source file is "D:/Dropbox/ece/Spring_2017/Advanced Digital Design/Lab/Lab4/lab4new/FSM_Mode.vhd".
    Found finite state machine <FSM_2> for signal <currentS>.
    -----------------------------------------------------------------------
    | States             | 3                                              |
    | Transitions        | 6                                              |
    | Inputs             | 1                                              |
    | Outputs            | 2                                              |
    | Clock              | Clk                       (rising_edge)        |
    | Reset              | Rst                       (positive)           |
    | Reset type         | asynchronous                                   |
    | Reset State        | mode0                                          |
    | Power Up State     | mode0                                          |
    | Encoding           | automatic                                      |
    | Implementation     | LUT                                            |
    -----------------------------------------------------------------------
    Summary:
	inferred   1 Finite State Machine(s).
Unit <FSM_Mode> synthesized.


Synthesizing Unit <Counter5bit>.
    Related source file is "D:/Dropbox/ece/Spring_2017/Advanced Digital Design/Lab/Lab4/lab4new/Counter5bit.vhd".
    Found 5-bit updown counter for signal <count>.
    Summary:
	inferred   1 Counter(s).
Unit <Counter5bit> synthesized.


Synthesizing Unit <FSMStack>.
    Related source file is "D:/Dropbox/ece/Spring_2017/Advanced Digital Design/Lab/Lab4/lab4new/FSMStack.vhd".
    Found finite state machine <FSM_3> for signal <currentS>.
    -----------------------------------------------------------------------
    | States             | 4                                              |
    | Transitions        | 9                                              |
    | Inputs             | 4                                              |
    | Outputs            | 2                                              |
    | Clock              | Clk                       (rising_edge)        |
    | Reset              | Rst                       (positive)           |
    | Reset type         | asynchronous                                   |
    | Reset State        | empty                                          |
    | Power Up State     | empty                                          |
    | Encoding           | automatic                                      |
    | Implementation     | LUT                                            |
    -----------------------------------------------------------------------
    Summary:
	inferred   1 Finite State Machine(s).
Unit <FSMStack> synthesized.


Synthesizing Unit <FSM_Un_Swap>.
    Related source file is "D:/Dropbox/ece/Spring_2017/Advanced Digital Design/Lab/Lab4/lab4new/FSM_UN_SWAP.vhd".
    Found finite state machine <FSM_4> for signal <currentS>.
    -----------------------------------------------------------------------
    | States             | 3                                              |
    | Transitions        | 9                                              |
    | Inputs             | 3                                              |
    | Outputs            | 2                                              |
    | Clock              | Clk                       (rising_edge)        |
    | Reset              | Rst                       (positive)           |
    | Reset type         | asynchronous                                   |
    | Reset State        | nothing                                        |
    | Power Up State     | unary                                          |
    | Encoding           | automatic                                      |
    | Implementation     | LUT                                            |
    -----------------------------------------------------------------------
    Summary:
	inferred   1 Finite State Machine(s).
Unit <FSM_Un_Swap> synthesized.


Synthesizing Unit <FSM_Add_Sub>.
    Related source file is "D:/Dropbox/ece/Spring_2017/Advanced Digital Design/Lab/Lab4/lab4new/FSMMode1.vhd".
    Found finite state machine <FSM_5> for signal <currentS>.
    -----------------------------------------------------------------------
    | States             | 3                                              |
    | Transitions        | 10                                             |
    | Inputs             | 3                                              |
    | Outputs            | 2                                              |
    | Clock              | Clk                       (rising_edge)        |
    | Reset              | Rst                       (positive)           |
    | Reset type         | asynchronous                                   |
    | Reset State        | nothing                                        |
    | Power Up State     | add                                            |
    | Encoding           | automatic                                      |
    | Implementation     | LUT                                            |
    -----------------------------------------------------------------------
    Summary:
	inferred   1 Finite State Machine(s).
Unit <FSM_Add_Sub> synthesized.


Synthesizing Unit <mux4x1>.
    Related source file is "D:/Dropbox/ece/Spring_2017/Advanced Digital Design/Lab/Lab4/lab4new/mux4x1.vhd".
Unit <mux4x1> synthesized.


Synthesizing Unit <And4Gate>.
    Related source file is "D:/Dropbox/ece/Spring_2017/Advanced Digital Design/Lab/Lab4/lab4new/And4Gate.vhd".
Unit <And4Gate> synthesized.


Synthesizing Unit <mux16x4>.
    Related source file is "D:/Dropbox/ece/Spring_2017/Advanced Digital Design/Lab/Lab4/lab4new/mux16x4.vhd".
Unit <mux16x4> synthesized.


Synthesizing Unit <And8Gate>.
    Related source file is "D:/Dropbox/ece/Spring_2017/Advanced Digital Design/Lab/Lab4/lab4new/And8Gate.vhd".
Unit <And8Gate> synthesized.


Synthesizing Unit <mux32x8>.
    Related source file is "D:/Dropbox/ece/Spring_2017/Advanced Digital Design/Lab/Lab4/lab4new/mux32x8.vhd".
Unit <mux32x8> synthesized.


Synthesizing Unit <FSMTop>.
    Related source file is "D:/Dropbox/ece/Spring_2017/Advanced Digital Design/Lab/Lab4/lab4new/FSMTop.vhd".
Unit <FSMTop> synthesized.


Synthesizing Unit <SSDData>.
    Related source file is "D:/Dropbox/ece/Spring_2017/Advanced Digital Design/Lab/Lab4/lab4new/SSDData.vhd".
Unit <SSDData> synthesized.


Synthesizing Unit <EqualComp7>.
    Related source file is "D:/Dropbox/ece/Spring_2017/Advanced Digital Design/Lab/Lab4/lab4new/EqualComp7.vhd".
Unit <EqualComp7> synthesized.


Synthesizing Unit <EqualComp5>.
    Related source file is "D:/Dropbox/ece/Spring_2017/Advanced Digital Design/Lab/Lab4/lab4new/EqualComp5.vhd".
Unit <EqualComp5> synthesized.


Synthesizing Unit <StackCircuit>.
    Related source file is "D:/Dropbox/ece/Spring_2017/Advanced Digital Design/Lab/Lab4/lab4new/StackCircuit.vhd".
WARNING:Xst:646 - Signal <TOSm1_Out> is assigned but never used. This unconnected signal will be trimmed during the optimization process.
WARNING:Xst:646 - Signal <RC_TOSm1> is assigned but never used. This unconnected signal will be trimmed during the optimization process.
WARNING:Xst:646 - Signal <RC_TOS> is assigned but never used. This unconnected signal will be trimmed during the optimization process.
Unit <StackCircuit> synthesized.


Synthesizing Unit <SSDControl>.
    Related source file is "D:/Dropbox/ece/Spring_2017/Advanced Digital Design/Lab/Lab4/lab4new/SSDControl.vhd".
WARNING:Xst:646 - Signal <CompIn<12>> is assigned but never used. This unconnected signal will be trimmed during the optimization process.
WARNING:Xst:646 - Signal <CompIn<10:7>> is assigned but never used. This unconnected signal will be trimmed during the optimization process.
WARNING:Xst:646 - Signal <CompIn<5:4>> is assigned but never used. This unconnected signal will be trimmed during the optimization process.
WARNING:Xst:646 - Signal <CompIn<2:0>> is assigned but never used. This unconnected signal will be trimmed during the optimization process.
Unit <SSDControl> synthesized.


Synthesizing Unit <SSDCircuit>.
    Related source file is "D:/Dropbox/ece/Spring_2017/Advanced Digital Design/Lab/Lab4/lab4new/SSDCircuit.vhd".
Unit <SSDCircuit> synthesized.


Synthesizing Unit <Lab3Top>.
    Related source file is "D:/Dropbox/ece/Spring_2017/Advanced Digital Design/Lab/Lab4/lab4new/Lab3Top.vhd".
Unit <Lab3Top> synthesized.


=========================================================================
HDL Synthesis Report

Macro Statistics
# ROMs                                                 : 1
 16x32-bit ROM                                         : 1
# Counters                                             : 3
 17-bit up counter                                     : 1
 5-bit updown counter                                  : 2
# Registers                                            : 1
 1-bit register                                        : 1
# Xors                                                 : 17
 1-bit xor2                                            : 17

=========================================================================

=========================================================================
*                       Advanced HDL Synthesis                          *
=========================================================================

Analyzing FSM <FSM_5> for best encoding.
Optimizing FSM <Stack/FSMTopU/Add_SubU/currentS/FSM> on signal <currentS[1:2]> with user encoding.
---------------------
 State   | Encoding
---------------------
 add     | 00
 sub     | 01
 nothing | 10
---------------------
Analyzing FSM <FSM_4> for best encoding.
Optimizing FSM <Stack/FSMTopU/Un_SwapU/currentS/FSM> on signal <currentS[1:2]> with gray encoding.
---------------------
 State   | Encoding
---------------------
 unary   | 00
 swap    | 11
 nothing | 01
---------------------
Analyzing FSM <FSM_3> for best encoding.
Optimizing FSM <Stack/FSMTopU/StackU/currentS/FSM> on signal <currentS[1:2]> with gray encoding.
-------------------
 State | Encoding
-------------------
 empty | 00
 none  | 01
 full  | 11
 ovf   | 10
-------------------
Analyzing FSM <FSM_2> for best encoding.
Optimizing FSM <Stack/ModeU/currentS/FSM> on signal <currentS[1:2]> with user encoding.
-------------------
 State | Encoding
-------------------
 mode0 | 00
 mode1 | 01
 mode2 | 10
-------------------
Analyzing FSM <FSM_1> for best encoding.
Optimizing FSM <Stack/PulsePush/currentS/FSM> on signal <currentS[1:3]> with one-hot encoding.
Optimizing FSM <Stack/PulsePop/currentS/FSM> on signal <currentS[1:3]> with one-hot encoding.
Optimizing FSM <Stack/PulseMode/currentS/FSM> on signal <currentS[1:3]> with one-hot encoding.
-------------------
 State | Encoding
-------------------
 s0    | 001
 s1    | 010
 s2    | 100
-------------------
Analyzing FSM <FSM_0> for best encoding.
Optimizing FSM <SSD/controlU/fsmU/currentS/FSM> on signal <currentS[1:2]> with user encoding.
-------------------
 State | Encoding
-------------------
 an3   | 00
 an2   | 01
 an1   | 10
 an0   | 11
-------------------
Reading core <MemoryStack.ngc>.
Loading core <MemoryStack> for timing and area information for instance <MemoryU>.
WARNING:Xst:1290 - Hierarchical block <TOSm1> is unconnected in block <Stack>.
   It will be removed from the design.
WARNING:Xst:1290 - Hierarchical block <Loop1[1].AndU0> is unconnected in block <And4Ub>.
   It will be removed from the design.
WARNING:Xst:1290 - Hierarchical block <Loop1[1].AndU0> is unconnected in block <And4Ub>.
   It will be removed from the design.
WARNING:Xst:1290 - Hierarchical block <mux1> is unconnected in block <Loop1[0].mux0>.
   It will be removed from the design.
WARNING:Xst:1290 - Hierarchical block <mux1> is unconnected in block <Loop1[1].mux0>.
   It will be removed from the design.
WARNING:Xst:1290 - Hierarchical block <mux0> is unconnected in block <Loop1[2].mux0>.
   It will be removed from the design.
WARNING:Xst:1290 - Hierarchical block <mux0> is unconnected in block <Loop1[3].mux0>.
   It will be removed from the design.

=========================================================================
Advanced HDL Synthesis Report

Macro Statistics
# FSMs                                                 : 6
# ROMs                                                 : 1
 16x32-bit ROM                                         : 1
# Counters                                             : 3
 17-bit up counter                                     : 1
 5-bit updown counter                                  : 2
# Registers                                            : 1
 Flip-Flops                                            : 1
# Xors                                                 : 17
 1-bit xor2                                            : 17

=========================================================================

=========================================================================
*                         Low Level Synthesis                           *
=========================================================================
WARNING:Xst:2677 - Node <SSD/controlU/counterU/RC> of sequential type is unconnected in block <Lab3Top>.
WARNING:Xst:2677 - Node <TOSm1/count_4> of sequential type is unconnected in block <StackCircuit>.
WARNING:Xst:2677 - Node <TOSm1/count_3> of sequential type is unconnected in block <StackCircuit>.
WARNING:Xst:2677 - Node <TOSm1/count_2> of sequential type is unconnected in block <StackCircuit>.
WARNING:Xst:2677 - Node <TOSm1/count_1> of sequential type is unconnected in block <StackCircuit>.
WARNING:Xst:2677 - Node <TOSm1/count_0> of sequential type is unconnected in block <StackCircuit>.

Optimizing unit <Lab3Top> ...

Optimizing unit <FSMTop> ...

Optimizing unit <StackCircuit> ...

Mapping all equations...
Building and optimizing final netlist ...
Found area constraint ratio of 100 (+ 5) on block Lab3Top, actual ratio is 7.

Final Macro Processing ...

=========================================================================
Final Register Report

Macro Statistics
# Registers                                            : 38
 Flip-Flops                                            : 38

=========================================================================

=========================================================================
*                           Partition Report                            *
=========================================================================

Partition Implementation Status
-------------------------------

  No Partitions were found in this design.

-------------------------------

=========================================================================
*                            Final Report                               *
=========================================================================
Final Results
RTL Top Level Output File Name     : Lab3Top.ngr
Top Level Output File Name         : Lab3Top
Output Format                      : NGC
Optimization Goal                  : Speed
Keep Hierarchy                     : No

Design Statistics
# IOs                              : 33

Cell Usage :
# BELS                             : 161
#      GND                         : 2
#      INV                         : 1
#      LUT1                        : 16
#      LUT2                        : 35
#      LUT2_D                      : 1
#      LUT2_L                      : 1
#      LUT3                        : 13
#      LUT3_L                      : 2
#      LUT4                        : 43
#      LUT4_D                      : 1
#      LUT4_L                      : 2
#      MUXCY                       : 16
#      MUXF5                       : 9
#      VCC                         : 2
#      XORCY                       : 17
# FlipFlops/Latches                : 38
#      FDC                         : 27
#      FDCE                        : 1
#      FDCPE                       : 5
#      FDP                         : 5
# RAMS                             : 1
#      RAMB16_S36_S36              : 1
# Clock Buffers                    : 1
#      BUFGP                       : 1
# IO Buffers                       : 32
#      IBUF                        : 12
#      OBUF                        : 20
=========================================================================

Device utilization summary:
---------------------------

Selected Device : 3s100ecp132-5 

 Number of Slices:                       62  out of    960     6%  
 Number of Slice Flip Flops:             38  out of   1920     1%  
 Number of 4 input LUTs:                115  out of   1920     5%  
 Number of IOs:                          33
 Number of bonded IOBs:                  33  out of     83    39%  
 Number of BRAMs:                         1  out of      4    25%  
 Number of GCLKs:                         1  out of     24     4%  

---------------------------
Partition Resource Summary:
---------------------------

  No Partitions were found in this design.

---------------------------


=========================================================================
TIMING REPORT

NOTE: THESE TIMING NUMBERS ARE ONLY A SYNTHESIS ESTIMATE.
      FOR ACCURATE TIMING INFORMATION PLEASE REFER TO THE TRACE REPORT
      GENERATED AFTER PLACE-and-ROUTE.

Clock Information:
------------------
-----------------------------------+------------------------+-------+
Clock Signal                       | Clock buffer(FF name)  | Load  |
-----------------------------------+------------------------+-------+
Clk                                | BUFGP                  | 39    |
-----------------------------------+------------------------+-------+

Asynchronous Control Signals Information:
----------------------------------------
-----------------------------------+------------------------+-------+
Control Signal                     | Buffer(FF name)        | Load  |
-----------------------------------+------------------------+-------+
Rst                                | IBUF                   | 38    |
N0(XST_GND:G)                      | NONE(Stack/TOS/count_0)| 5     |
-----------------------------------+------------------------+-------+

Timing Summary:
---------------
Speed Grade: -5

   Minimum period: 5.267ns (Maximum Frequency: 189.854MHz)
   Minimum input arrival time before clock: 3.370ns
   Maximum output required time after clock: 10.753ns
   Maximum combinational path delay: No path found

Timing Detail:
--------------
All values displayed in nanoseconds (ns)

=========================================================================
Timing constraint: Default period analysis for Clock 'Clk'
  Clock period: 5.267ns (frequency: 189.854MHz)
  Total number of paths / destination ports: 662 / 56
-------------------------------------------------------------------------
Delay:               5.267ns (Levels of Logic = 4)
  Source:            SSD/controlU/counterU/count_14 (FF)
  Destination:       SSD/controlU/counterU/count_0 (FF)
  Source Clock:      Clk rising
  Destination Clock: Clk rising

  Data Path: SSD/controlU/counterU/count_14 to SSD/controlU/counterU/count_0
                                Gate     Net
    Cell:in->out      fanout   Delay   Delay  Logical Name (Net Name)
    ----------------------------------------  ------------
     FDC:C->Q              2   0.514   0.532  SSD/controlU/counterU/count_14 (SSD/controlU/counterU/count_14)
     LUT4_L:I0->LO         1   0.612   0.103  SSD/controlU/counterU/count_cmp_eq00001_SW0 (N23)
     LUT4:I3->O            3   0.612   0.454  SSD/controlU/counterU/count_cmp_eq00001 (SSD/controlU/AeqBOut)
     LUT4_D:I3->O         16   0.612   0.948  SSD/controlU/counterU/count_cmp_eq000046 (SSD/controlU/counterU/count_cmp_eq0000)
     LUT2:I1->O            1   0.612   0.000  SSD/controlU/counterU/Mcount_count_eqn_01 (SSD/controlU/counterU/Mcount_count_eqn_0)
     FDC:D                     0.268          SSD/controlU/counterU/count_0
    ----------------------------------------
    Total                      5.267ns (3.230ns logic, 2.037ns route)
                                       (61.3% logic, 38.7% route)

=========================================================================
Timing constraint: Default OFFSET IN BEFORE for Clock 'Clk'
  Total number of paths / destination ports: 20 / 19
-------------------------------------------------------------------------
Offset:              3.370ns (Levels of Logic = 3)
  Source:            Rst (PAD)
  Destination:       Stack/TOS/count_4 (FF)
  Destination Clock: Clk rising

  Data Path: Rst to Stack/TOS/count_4
                                Gate     Net
    Cell:in->out      fanout   Delay   Delay  Logical Name (Net Name)
    ----------------------------------------  ------------
     IBUF:I->O            44   1.106   1.106  Rst_IBUF (Rst_IBUF)
     LUT4:I2->O            1   0.612   0.000  Stack/TOS/count_Q_mux0000<4>1167_F (N57)
     MUXF5:I0->O           1   0.278   0.000  Stack/TOS/count_Q_mux0000<4>1167 (Stack/TOS/count_Q_mux0000<4>)
     FDCPE:D                   0.268          Stack/TOS/count_4
    ----------------------------------------
    Total                      3.370ns (2.264ns logic, 1.106ns route)
                                       (67.2% logic, 32.8% route)

=========================================================================
Timing constraint: Default OFFSET OUT AFTER for Clock 'Clk'
  Total number of paths / destination ports: 357 / 19
-------------------------------------------------------------------------
Offset:              10.753ns (Levels of Logic = 7)
  Source:            Stack/ModeU/currentS_FSM_FFd2 (FF)
  Destination:       DataOut<6> (PAD)
  Source Clock:      Clk rising

  Data Path: Stack/ModeU/currentS_FSM_FFd2 to DataOut<6>
                                Gate     Net
    Cell:in->out      fanout   Delay   Delay  Logical Name (Net Name)
    ----------------------------------------  ------------
     FDC:C->Q             24   0.514   1.133  Stack/ModeU/currentS_FSM_FFd2 (Stack/ModeU/currentS_FSM_FFd2)
     LUT4:I1->O            2   0.612   0.383  Stack/FSMTopU/MuxU1/mux2/Out0_SW0 (N33)
     LUT4:I3->O            9   0.612   0.849  Stack/FSMTopU/MuxU1/mux2/Out0 (FSMOut<1>)
     LUT4:I0->O            3   0.612   0.481  SSD/dataU/DecOut<20>1 (SSD/dataU/DecOut<20>)
     LUT4:I2->O            4   0.612   0.529  SSD/dataU/muxU/Loop1[5].mux0/mux2/Out07 (SSD/dataU/muxU/Loop1[5].mux0/mux2/Out07)
     LUT4:I2->O            1   0.612   0.000  SSD/dataU/muxU/Loop1[5].mux0/mux2/Out0241 (SSD/dataU/muxU/Loop1[5].mux0/mux2/Out024)
     MUXF5:I1->O           1   0.278   0.357  SSD/dataU/muxU/Loop1[5].mux0/mux2/Out024_f5 (DataOut_5_OBUF)
     OBUF:I->O                 3.169          DataOut_5_OBUF (DataOut<5>)
    ----------------------------------------
    Total                     10.753ns (7.021ns logic, 3.732ns route)
                                       (65.3% logic, 34.7% route)

=========================================================================


Total REAL time to Xst completion: 11.00 secs
Total CPU time to Xst completion: 10.76 secs
 
--> 

Total memory usage is 279224 kilobytes

Number of errors   :    1 (   0 filtered)
Number of warnings :   22 (   0 filtered)
Number of infos    :    0 (   0 filtered)

