--------------------------------------------------------------------------------
Release 13.4 Trace  (nt64)
Copyright (c) 1995-2011 Xilinx, Inc.  All rights reserved.

D:\Xilinx\ISE_DS\ISE\bin\nt64\unwrapped\trce.exe -intstyle ise -v 3 -s 5 -n 3
-fastpaths -xml Lab3Top.twx Lab3Top.ncd -o Lab3Top.twr Lab3Top.pcf -ucf
Lab3_UCF.ucf

Design file:              Lab3Top.ncd
Physical constraint file: Lab3Top.pcf
Device,package,speed:     xc3s100e,cp132,-5 (PRODUCTION 1.27 2012-01-07)
Report level:             verbose report

Environment Variable      Effect 
--------------------      ------ 
NONE                      No environment variables were set
--------------------------------------------------------------------------------

INFO:Timing:2698 - No timing constraints found, doing default enumeration.
INFO:Timing:3412 - To improve timing, see the Timing Closure User Guide (UG612).
INFO:Timing:2752 - To get complete path coverage, use the unconstrained paths 
   option. All paths that are not constrained will be reported in the 
   unconstrained paths section(s) of the report.
INFO:Timing:3339 - The clock-to-out numbers in this timing report are based on 
   a 50 Ohm transmission line loading model.  For the details of this model, 
   and for more information on accounting for different loading conditions, 
   please see the device datasheet.
INFO:Timing:3390 - This architecture does not support a default System Jitter 
   value, please add SYSTEM_JITTER constraint to the UCF to modify the Clock 
   Uncertainty calculation.
INFO:Timing:3389 - This architecture does not support 'Discrete Jitter' and 
   'Phase Error' calculations, these terms will be zero in the Clock 
   Uncertainty calculation.  Please make appropriate modification to 
   SYSTEM_JITTER to account for the unsupported Discrete Jitter and Phase 
   Error.



Data Sheet report:
-----------------
All values displayed in nanoseconds (ns)

Setup/Hold to clock Clk
------------+------------+------------+------------------+--------+
            |Max Setup to|Max Hold to |                  | Clock  |
Source      | clk (edge) | clk (edge) |Internal Clock(s) | Phase  |
------------+------------+------------+------------------+--------+
Mode        |    0.847(R)|    0.680(R)|Clk_BUFGP         |   0.000|
Num_In<0>   |    1.665(R)|   -0.084(R)|Clk_BUFGP         |   0.000|
Num_In<1>   |    1.018(R)|    0.434(R)|Clk_BUFGP         |   0.000|
Num_In<2>   |    0.954(R)|    0.485(R)|Clk_BUFGP         |   0.000|
Num_In<3>   |    1.273(R)|    0.229(R)|Clk_BUFGP         |   0.000|
Num_In<4>   |    1.062(R)|    0.399(R)|Clk_BUFGP         |   0.000|
Num_In<5>   |    2.094(R)|   -0.427(R)|Clk_BUFGP         |   0.000|
Num_In<6>   |    2.007(R)|   -0.357(R)|Clk_BUFGP         |   0.000|
Num_In<7>   |    1.477(R)|    0.066(R)|Clk_BUFGP         |   0.000|
Pop         |    0.174(R)|    0.984(R)|Clk_BUFGP         |   0.000|
Push        |    0.304(R)|    1.079(R)|Clk_BUFGP         |   0.000|
Rst         |    1.707(R)|    0.123(R)|Clk_BUFGP         |   0.000|
------------+------------+------------+------------------+--------+

Clock Clk to Pad
------------+------------+------------------+--------+
            | clk (edge) |                  | Clock  |
Destination |   to PAD   |Internal Clock(s) | Phase  |
------------+------------+------------------+--------+
DataOut<1>  |   12.661(R)|Clk_BUFGP         |   0.000|
DataOut<2>  |   12.792(R)|Clk_BUFGP         |   0.000|
DataOut<3>  |   13.226(R)|Clk_BUFGP         |   0.000|
DataOut<4>  |   13.093(R)|Clk_BUFGP         |   0.000|
DataOut<5>  |   13.523(R)|Clk_BUFGP         |   0.000|
DataOut<6>  |   13.129(R)|Clk_BUFGP         |   0.000|
DataOut<7>  |   13.486(R)|Clk_BUFGP         |   0.000|
Num_Out<0>  |    9.661(R)|Clk_BUFGP         |   0.000|
Num_Out<1>  |   10.015(R)|Clk_BUFGP         |   0.000|
Num_Out<2>  |   10.131(R)|Clk_BUFGP         |   0.000|
Num_Out<3>  |    9.946(R)|Clk_BUFGP         |   0.000|
Num_Out<4>  |    9.661(R)|Clk_BUFGP         |   0.000|
Num_Out<5>  |    9.810(R)|Clk_BUFGP         |   0.000|
Num_Out<6>  |    9.808(R)|Clk_BUFGP         |   0.000|
Num_Out<7>  |    9.484(R)|Clk_BUFGP         |   0.000|
SSD_En<0>   |    8.562(R)|Clk_BUFGP         |   0.000|
SSD_En<1>   |    9.381(R)|Clk_BUFGP         |   0.000|
SSD_En<2>   |    9.169(R)|Clk_BUFGP         |   0.000|
SSD_En<3>   |    8.531(R)|Clk_BUFGP         |   0.000|
------------+------------+------------------+--------+

Clock to Setup on destination clock Clk
---------------+---------+---------+---------+---------+
               | Src:Rise| Src:Fall| Src:Rise| Src:Fall|
Source Clock   |Dest:Rise|Dest:Rise|Dest:Fall|Dest:Fall|
---------------+---------+---------+---------+---------+
Clk            |    7.652|         |         |         |
---------------+---------+---------+---------+---------+


Analysis completed Fri May 05 13:11:11 2017 
--------------------------------------------------------------------------------

Trace Settings:
-------------------------
Trace Settings 

Peak Memory Usage: 150 MB



