--------------------------------------------------------------------------------
Release 13.4 Trace  (nt64)
Copyright (c) 1995-2011 Xilinx, Inc.  All rights reserved.

D:\Xilinx\ISE_DS\ISE\bin\nt64\unwrapped\trce.exe -intstyle ise -v 3 -s 5 -n 3
-fastpaths -xml CLA4.twx CLA4.ncd -o CLA4.twr CLA4.pcf -ucf CLA4_UCF.ucf

Design file:              CLA4.ncd
Physical constraint file: CLA4.pcf
Device,package,speed:     xc3s100e,cp132,-5 (PRODUCTION 1.27 2012-01-07)
Report level:             verbose report

Environment Variable      Effect 
--------------------      ------ 
NONE                      No environment variables were set
--------------------------------------------------------------------------------

INFO:Timing:2698 - No timing constraints found, doing default enumeration.
INFO:Timing:3412 - To improve timing, see the Timing Closure User Guide (UG612).
INFO:Timing:2752 - To get complete path coverage, use the unconstrained paths 
   option. All paths that are not constrained will be reported in the 
   unconstrained paths section(s) of the report.
INFO:Timing:3339 - The clock-to-out numbers in this timing report are based on 
   a 50 Ohm transmission line loading model.  For the details of this model, 
   and for more information on accounting for different loading conditions, 
   please see the device datasheet.
INFO:Timing:3390 - This architecture does not support a default System Jitter 
   value, please add SYSTEM_JITTER constraint to the UCF to modify the Clock 
   Uncertainty calculation.
INFO:Timing:3389 - This architecture does not support 'Discrete Jitter' and 
   'Phase Error' calculations, these terms will be zero in the Clock 
   Uncertainty calculation.  Please make appropriate modification to 
   SYSTEM_JITTER to account for the unsupported Discrete Jitter and Phase 
   Error.



Data Sheet report:
-----------------
All values displayed in nanoseconds (ns)

Pad to Pad
---------------+---------------+---------+
Source Pad     |Destination Pad|  Delay  |
---------------+---------------+---------+
A<0>           |C_3            |   10.551|
A<0>           |S<0>           |    6.623|
A<0>           |S<1>           |    8.913|
A<0>           |S<2>           |    9.568|
A<0>           |S<3>           |   10.669|
A<1>           |C_3            |    9.912|
A<1>           |S<1>           |    8.042|
A<1>           |S<2>           |    8.929|
A<1>           |S<3>           |   10.030|
A<2>           |C_3            |    8.195|
A<2>           |S<2>           |    7.345|
A<2>           |S<3>           |    8.313|
A<3>           |C_3            |    7.903|
A<3>           |S<3>           |    7.622|
B<0>           |C_3            |   10.675|
B<0>           |S<0>           |    6.553|
B<0>           |S<1>           |    9.037|
B<0>           |S<2>           |    9.692|
B<0>           |S<3>           |   10.793|
B<1>           |C_3            |    9.770|
B<1>           |S<1>           |    7.972|
B<1>           |S<2>           |    8.787|
B<1>           |S<3>           |    9.888|
B<2>           |C_3            |    7.939|
B<2>           |S<2>           |    6.994|
B<2>           |S<3>           |    8.057|
B<3>           |C_3            |    8.006|
B<3>           |S<3>           |    7.354|
Cin            |C_3            |   10.471|
Cin            |S<0>           |    6.700|
Cin            |S<1>           |    8.833|
Cin            |S<2>           |    9.488|
Cin            |S<3>           |   10.589|
---------------+---------------+---------+


Analysis completed Mon Mar 13 21:07:32 2017 
--------------------------------------------------------------------------------

Trace Settings:
-------------------------
Trace Settings 

Peak Memory Usage: 145 MB



